#
# A fatal error has been detected by the Java Runtime Environment:
#
#  EXCEPTION_ACCESS_VIOLATION (0xc0000005) at pc=0x00007ffd9ac737b8, pid=14532, tid=8668
#
# JRE version: OpenJDK Runtime Environment JBR-17.0.10+1-1087.17-jcef (17.0.10+1) (build 17.0.10+1-b1087.17)
# Java VM: OpenJDK 64-Bit Server VM JBR-17.0.10+1-1087.17-jcef (17.0.10+1-b1087.17, mixed mode, tiered, compressed oops, compressed class ptrs, g1 gc, windows-amd64)
# Problematic frame:
# V  [jvm.dll+0x3137b8]
#
# No core dump will be written. Minidumps are not enabled by default on client versions of Windows
#
# If you would like to submit a bug report, please visit:
#   https://youtrack.jetbrains.com/issues/JBR
#

---------------  S U M M A R Y ------------

Command Line: -Djava.rmi.server.hostname=127.0.0.1 -Duser.timezone=UTC -Xmx2048m -Xms128m -Djdbc.classpath=C:\Program Files\JetBrains\IntelliJ IDEA 2023.3.4\plugins\DatabaseTools\lib\jdbc-console.jar;C:\Users\User\AppData\Roaming\JetBrains\IntelliJIdea2023.3\jdbc-drivers\AWS Aurora MySQL\1.1.9\software\aws\rds\aws-mysql-jdbc\1.1.9\aws-mysql-jdbc-1.1.9.jar --add-exports=java.desktop/sun.awt=ALL-UNNAMED --add-exports=java.desktop/java.awt.peer=ALL-UNNAMED --add-opens=java.desktop/java.awt=ALL-UNNAMED --add-opens=jdk.unsupported/sun.misc=ALL-UNNAMED --add-opens=java.base/java.nio=ALL-UNNAMED --add-opens=java.base/java.util=ALL-UNNAMED -Dfile.encoding=UTF-8 com.intellij.database.remote.RemoteJdbcServer software.aws.rds.jdbc.mysql.Driver

Host: 12th Gen Intel(R) Core(TM) i5-12400, 12 cores, 7G,  Windows 10 , 64 bit Build 19041 (10.0.19041.3636)
Time: Sat Feb 24 18:35:04 2024  Windows 10 , 64 bit Build 19041 (10.0.19041.3636) elapsed time: 7200.070735 seconds (0d 2h 0m 0s)

---------------  T H R E A D  ---------------

Current thread (0x0000020e801dd150):  GCTaskThread "GC Thread#4" [stack: 0x000000d788300000,0x000000d788400000] [id=8668]

Stack: [0x000000d788300000,0x000000d788400000],  sp=0x000000d7883ff770,  free space=1021k
Native frames: (J=compiled Java code, j=interpreted, Vv=VM code, C=native code)
V  [jvm.dll+0x3137b8]
V  [jvm.dll+0x2f90c8]
V  [jvm.dll+0x2f741a]
V  [jvm.dll+0x2fdab6]
V  [jvm.dll+0x2fcffd]
V  [jvm.dll+0x86fcfb]
V  [jvm.dll+0x86fd46]
V  [jvm.dll+0x7f0a8a]
V  [jvm.dll+0x687945]
C  [ucrtbase.dll+0x21bb2]
C  [KERNEL32.DLL+0x17344]
C  [ntdll.dll+0x526b1]


siginfo: EXCEPTION_ACCESS_VIOLATION (0xc0000005), reading address 0x00000000000046b8


Registers:
RAX=0x0000000000000001, RBX=0x0000020e801990d8, RCX=0x0000000000000003, RDX=0x0000000086804430
RSP=0x000000d7883ff770, RBP=0x000000008684442c, RSI=0x0000020e80198a90, RDI=0x0000000000000068
R8 =0x00000000000046b0, R9 =0x0000000000000001, R10=0x0000000000000003, R11=0x0000000000000000
R12=0x0000000100063100, R13=0x0000000086844410, R14=0x00000001000630f8, R15=0x0000020e80199040
RIP=0x00007ffd9ac737b8, EFLAGS=0x0000000000010202


Register to memory mapping:

RIP=0x00007ffd9ac737b8 jvm.dll
RAX=0x0000000000000001 is an unknown value
RBX=0x0000020e801990d8 points into unknown readable memory: 0x0000020eff4e9de0 | e0 9d 4e ff 0e 02 00 00
RCX=0x0000000000000003 is an unknown value
RDX=0x0000000086804430 is pointing into object: [I 
{0x0000000086801580} - klass: {type array int}
 - length: 3405
RSP=0x000000d7883ff770 points into unknown readable memory: 0x0000000000000000 | 00 00 00 00 00 00 00 00
RBP=0x000000008684442c is pointing into object: java.util.HashMap$Node 
{0x0000000086844410} - klass: 'java/util/HashMap$Node'
 - ---- fields (total size 4 words):
 - final 'hash' 'I' @12  -355940226 (eac8c87e)
 - final 'key' 'Ljava/lang/Object;' @16  
[error occurred during error reporting (printing register info), id 0xc0000005, EXCEPTION_ACCESS_VIOLATION (0xc0000005) at pc=0x00007ffd9afd4fa3]

Top of Stack: (sp=0x000000d7883ff770)
0x000000d7883ff770:   0000000000000000 0000020e80198a90
0x000000d7883ff780:   0000000000000000 000000000000000c
0x000000d7883ff790:   0000000086804430 00007ffd9ac590c8
0x000000d7883ff7a0:   0000020eff1365b0 00007ffd9ac5e078
0x000000d7883ff7b0:   0000020e80198a90 000004d000000000
0x000000d7883ff7c0:   0000000086804430 b091ca2000017813
0x000000d7883ff7d0:   0000000086804430 00007ffd9ac5741a
0x000000d7883ff7e0:   0000000086844420 0000020e80198a90
0x000000d7883ff7f0:   0000000000000000 000000d7867ff738
0x000000d7883ff800:   0000000000000000 000000000000000c
0x000000d7883ff810:   000000d7867ff738 000000d7867fedc0
0x000000d7883ff820:   0000020e80198a90 00007ffd9ac5dab6
0x000000d7883ff830:   0000000000000010 0000000086844410
0x000000d7883ff840:   00007ffd9a960000 00007ffd9a960000
0x000000d7883ff850:   0000000000000000 0000000000000000
0x000000d7883ff860:   0000000000000000 0000020e80198a90
0x000000d7883ff870:   00000000000003d8 0000020eff5affe8
0x000000d7883ff880:   0000020eff5afc00 0000020eff5afc10
0x000000d7883ff890:   000000d7867fec60 00007ffd9ac5cffd
0x000000d7883ff8a0:   0000000086844410 0000020e807557e0
0x000000d7883ff8b0:   000000d7867ff750 0000000000000000
0x000000d7883ff8c0:   0000000861cad7a0 0000000000000000
0x000000d7883ff8d0:   00000010c3908477 0000000000000000
0x000000d7883ff8e0:   00000010c3908477 0000000000000000
0x000000d7883ff8f0:   0000000000000000 0000000000000000
0x000000d7883ff900:   00007ffd9b2c2ec0 0000020e80199040
0x000000d7883ff910:   0000000000000000 0000000000000000
0x000000d7883ff920:   0000000000000000 0000020e801dd150
0x000000d7883ff930:   0000000000000000 0000000000000000
0x000000d7883ff940:   000000d7867fec60 00007ffd9b1cfcfb
0x000000d7883ff950:   0000000000000001 0000000000000000
0x000000d7883ff960:   0000020e801dd150 000000d7867fec60 

Instructions: (pc=0x00007ffd9ac737b8)
0x00007ffd9ac736b8:   cc cc cc cc cc cc cc cc 48 89 5c 24 08 57 48 83
0x00007ffd9ac736c8:   ec 30 33 c0 48 89 11 41 8d 50 ff 48 89 41 08 48
0x00007ffd9ac736d8:   89 51 28 48 8b d9 44 89 41 10 41 8b f8 48 89 41
0x00007ffd9ac736e8:   18 48 89 41 20 41 8b c8 e8 eb 72 cf ff 84 c0 75
0x00007ffd9ac736f8:   2b 4c 8d 0d 80 51 65 00 89 7c 24 20 4c 8d 05 ad
0x00007ffd9ac73708:   51 65 00 ba 28 00 00 00 48 8d 0d d9 51 65 00 e8
0x00007ffd9ac73718:   14 82 f3 ff e8 af 4e 37 00 8b 7b 10 45 33 c0 8b
0x00007ffd9ac73728:   cf 48 c1 e1 04 41 8d 50 05 e8 fa 34 d9 ff 48 89
0x00007ffd9ac73738:   43 08 48 8b c3 48 8b 5c 24 40 48 83 c4 30 5f c3
0x00007ffd9ac73748:   cc cc cc cc cc cc cc cc 48 8b 49 08 e9 57 34 d9
0x00007ffd9ac73758:   ff cc cc cc cc cc cc cc 48 89 5c 24 08 57 48 83
0x00007ffd9ac73768:   ec 20 48 8b 05 87 72 8b 00 48 8b d9 48 8b fa 8b
0x00007ffd9ac73778:   88 c0 01 00 00 4c 8b 80 b8 01 00 00 0f b6 05 8e
0x00007ffd9ac73788:   00 88 00 49 d3 e0 8b 0d 8c 09 88 00 49 2b f8 48
0x00007ffd9ac73798:   d3 ef 84 c0 74 16 44 8b 42 08 8b 0d 60 3b 81 00
0x00007ffd9ac737a8:   49 d3 e0 4c 03 05 4e 3b 81 00 eb 04 4c 8b 42 08
0x00007ffd9ac737b8:   45 8b 48 08 45 85 c9 7e 0c 41 f6 c1 01 75 55 41
0x00007ffd9ac737c8:   c1 f9 03 eb 5e 79 4d 84 c0 41 b8 0c 00 00 00 8b
0x00007ffd9ac737d8:   05 67 4a 81 00 b9 10 00 00 00 41 0f 45 c8 ff c8
0x00007ffd9ac737e8:   4c 63 c0 41 8b c1 48 c1 f8 10 48 63 14 11 41 8b
0x00007ffd9ac737f8:   c9 83 e1 3f 48 d3 e2 0f b6 c8 49 8d 04 10 49 f7
0x00007ffd9ac73808:   d0 48 03 c8 4d 8b c8 49 c1 e9 03 48 c1 e9 03 44
0x00007ffd9ac73818:   23 c9 eb 0f 49 8b 00 49 8b c8 ff 90 00 01 00 00
0x00007ffd9ac73828:   44 8b c8 8b 53 28 8b c7 48 23 d0 48 c1 e2 04 48
0x00007ffd9ac73838:   03 53 08 8b 02 3b c7 74 34 4c 8b 42 08 4d 85 c0
0x00007ffd9ac73848:   74 0b 8b c8 48 8b 03 f0 4c 0f c1 04 c8 48 c7 42
0x00007ffd9ac73858:   08 00 00 00 00 89 3a 48 ff 43 20 49 63 c1 48 01
0x00007ffd9ac73868:   42 08 48 8b 5c 24 30 48 83 c4 20 5f c3 48 ff 43
0x00007ffd9ac73878:   18 48 8b 5c 24 30 49 63 c1 48 01 42 08 48 83 c4
0x00007ffd9ac73888:   20 5f c3 cc cc cc cc cc 48 89 5c 24 08 33 db 4c
0x00007ffd9ac73898:   8b da 4c 8b c9 44 8b c3 39 59 10 76 39 66 66 66
0x00007ffd9ac738a8:   0f 1f 84 00 00 00 00 00 41 8b c0 48 c1 e0 04 49 


Stack slot to memory mapping:
stack at sp + 0 slots: 0x0 is NULL
stack at sp + 1 slots: 0x0000020e80198a90 points into unknown readable memory: 0x000000d7867ff500 | 00 f5 7f 86 d7 00 00 00
stack at sp + 2 slots: 0x0 is NULL
stack at sp + 3 slots: 0x000000000000000c is an unknown value
stack at sp + 4 slots: 0x0000000086804430 is pointing into object: [I 
{0x0000000086801580} - klass: {type array int}
 - length: 3405
stack at sp + 5 slots: 0x00007ffd9ac590c8 jvm.dll
stack at sp + 6 slots: 0x0000020eff1365b0 points into unknown readable memory: 0x00007ffd9b31ebe0 | e0 eb 31 9b fd 7f 00 00
stack at sp + 7 slots: 0x00007ffd9ac5e078 jvm.dll


---------------  P R O C E S S  ---------------

Threads class SMR info:
_java_thread_list=0x0000020e80a78510, length=21, elements={
0x0000020ede62fe80, 0x0000020efab66340, 0x0000020eff0210e0, 0x0000020eff02b8f0,
0x0000020eff02e2d0, 0x0000020eff02eba0, 0x0000020eff02fa80, 0x0000020eff03c9b0,
0x0000020eff03d780, 0x0000020eff0437b0, 0x0000020eff1e7240, 0x0000020eff1e7720,
0x0000020eff30b450, 0x0000020eff5bc040, 0x0000020eff5c9790, 0x0000020eff5ba130,
0x0000020eff5ba610, 0x0000020eff6459b0, 0x0000020eff667a30, 0x0000020eff667f40,
0x0000020eff668450
}

Java Threads: ( => current thread )
  0x0000020ede62fe80 JavaThread "main" [_thread_blocked, id=2972, stack(0x000000d786100000,0x000000d786200000)]
  0x0000020efab66340 JavaThread "Reference Handler" daemon [_thread_blocked, id=7624, stack(0x000000d786800000,0x000000d786900000)]
  0x0000020eff0210e0 JavaThread "Finalizer" daemon [_thread_blocked, id=7380, stack(0x000000d786900000,0x000000d786a00000)]
  0x0000020eff02b8f0 JavaThread "Signal Dispatcher" daemon [_thread_blocked, id=7528, stack(0x000000d786a00000,0x000000d786b00000)]
  0x0000020eff02e2d0 JavaThread "Attach Listener" daemon [_thread_blocked, id=7800, stack(0x000000d786b00000,0x000000d786c00000)]
  0x0000020eff02eba0 JavaThread "Service Thread" daemon [_thread_blocked, id=6516, stack(0x000000d786c00000,0x000000d786d00000)]
  0x0000020eff02fa80 JavaThread "Monitor Deflation Thread" daemon [_thread_blocked, id=4808, stack(0x000000d786d00000,0x000000d786e00000)]
  0x0000020eff03c9b0 JavaThread "C2 CompilerThread0" daemon [_thread_blocked, id=11304, stack(0x000000d786e00000,0x000000d786f00000)]
  0x0000020eff03d780 JavaThread "C1 CompilerThread0" daemon [_thread_blocked, id=5744, stack(0x000000d786f00000,0x000000d787000000)]
  0x0000020eff0437b0 JavaThread "Sweeper thread" daemon [_thread_blocked, id=1700, stack(0x000000d787000000,0x000000d787100000)]
  0x0000020eff1e7240 JavaThread "Common-Cleaner" daemon [_thread_blocked, id=9148, stack(0x000000d787100000,0x000000d787200000)]
  0x0000020eff1e7720 JavaThread "Notification Thread" daemon [_thread_blocked, id=8268, stack(0x000000d787200000,0x000000d787300000)]
  0x0000020eff30b450 JavaThread "mysql-cj-abandoned-connection-cleanup" daemon [_thread_blocked, id=8296, stack(0x000000d787500000,0x000000d787600000)]
  0x0000020eff5bc040 JavaThread "RMI TCP Accept-8901" daemon [_thread_in_native, id=4472, stack(0x000000d787600000,0x000000d787700000)]
  0x0000020eff5c9790 JavaThread "RMI TCP Accept-0" daemon [_thread_in_native, id=10496, stack(0x000000d787700000,0x000000d787800000)]
  0x0000020eff5ba130 JavaThread "RMI Reaper" [_thread_blocked, id=8424, stack(0x000000d787800000,0x000000d787900000)]
  0x0000020eff5ba610 JavaThread "RMI GC Daemon" daemon [_thread_blocked, id=10360, stack(0x000000d787900000,0x000000d787a00000)]
  0x0000020eff6459b0 JavaThread "RMI TCP Connection(2)-127.0.0.1" daemon [_thread_in_native, id=1300, stack(0x000000d787b00000,0x000000d787c00000)]
  0x0000020eff667a30 JavaThread "RMI Scheduler(0)" daemon [_thread_blocked, id=15356, stack(0x000000d787c00000,0x000000d787d00000)]
  0x0000020eff667f40 JavaThread "RMI TCP Connection(4)-127.0.0.1" daemon [_thread_in_native, id=15304, stack(0x000000d787e00000,0x000000d787f00000)]
  0x0000020eff668450 JavaThread "RMI RenewClean-[127.0.0.1:63504]" daemon [_thread_blocked, id=1028, stack(0x000000d787f00000,0x000000d788000000)]

Other Threads:
  0x0000020eff013b70 VMThread "VM Thread" [stack: 0x000000d786700000,0x000000d786800000] [id=8496]
  0x0000020eff1e8010 WatcherThread [stack: 0x000000d787300000,0x000000d787400000] [id=2044]
  0x0000020ede68b340 GCTaskThread "GC Thread#0" [stack: 0x000000d786200000,0x000000d786300000] [id=13676]
  0x0000020e80163880 GCTaskThread "GC Thread#1" [stack: 0x000000d788000000,0x000000d788100000] [id=11424]
  0x0000020e80badc80 GCTaskThread "GC Thread#2" [stack: 0x000000d788100000,0x000000d788200000] [id=1788]
  0x0000020effa609c0 GCTaskThread "GC Thread#3" [stack: 0x000000d788200000,0x000000d788300000] [id=13604]
=>0x0000020e801dd150 GCTaskThread "GC Thread#4" [stack: 0x000000d788300000,0x000000d788400000] [id=8668]
  0x0000020e80a10a70 GCTaskThread "GC Thread#5" [stack: 0x000000d788400000,0x000000d788500000] [id=4432]
  0x0000020effa8b1c0 GCTaskThread "GC Thread#6" [stack: 0x000000d788500000,0x000000d788600000] [id=7664]
  0x0000020effb3e930 GCTaskThread "GC Thread#7" [stack: 0x000000d788600000,0x000000d788700000] [id=5796]
  0x0000020effb3f200 GCTaskThread "GC Thread#8" [stack: 0x000000d788700000,0x000000d788800000] [id=12028]
  0x0000020effb3fae0 GCTaskThread "GC Thread#9" [stack: 0x000000d788800000,0x000000d788900000] [id=10744]
  0x0000020ede69c1a0 ConcurrentGCThread "G1 Main Marker" [stack: 0x000000d786300000,0x000000d786400000] [id=5892]
  0x0000020ede69cad0 ConcurrentGCThread "G1 Conc#0" [stack: 0x000000d786400000,0x000000d786500000] [id=8332]
  0x0000020efa9b40e0 ConcurrentGCThread "G1 Refine#0" [stack: 0x000000d786500000,0x000000d786600000] [id=3056]
  0x0000020eff249330 ConcurrentGCThread "G1 Refine#1" [stack: 0x000000d788900000,0x000000d788a00000] [id=14348]
  0x0000020efa9b4a20 ConcurrentGCThread "G1 Service" [stack: 0x000000d786600000,0x000000d786700000] [id=4892]

Threads with active compile tasks:

VM state: at safepoint (normal execution)

VM Mutex/Monitor currently owned by a thread:  ([mutex/lock_event])
[0x0000020ede62c270] Threads_lock - owner thread: 0x0000020eff013b70
[0x0000020ede62bdf0] Heap_lock - owner thread: 0x0000020eff5ba610

Heap address: 0x0000000080000000, size: 2048 MB, Compressed Oops mode: 32-bit

CDS archive(s) not mapped
Compressed class space mapped at: 0x0000000100000000-0x0000000140000000, reserved size: 1073741824
Narrow klass base: 0x0000000000000000, Narrow klass shift: 3, Narrow klass range: 0x140000000

GC Precious Log:
 CPUs: 12 total, 12 available
 Memory: 7933M
 Large Page Support: Disabled
 NUMA Support: Disabled
 Compressed Oops: Enabled (32-bit)
 Heap Region Size: 1M
 Heap Min Capacity: 128M
 Heap Initial Capacity: 128M
 Heap Max Capacity: 2G
 Pre-touch: Disabled
 Parallel Workers: 10
 Concurrent Workers: 3
 Concurrent Refinement Workers: 10
 Periodic GC: Disabled

Heap:
 garbage-first heap   total 131072K, used 17770K [0x0000000080000000, 0x0000000100000000)
  region size 1024K, 9 young (9216K), 0 survivors (0K)
 Metaspace       used 20806K, committed 21120K, reserved 1114112K
  class space    used 2078K, committed 2240K, reserved 1048576K

Heap Regions: E=young(eden), S=young(survivor), O=old, HS=humongous(starts), HC=humongous(continues), CS=collection set, F=free, OA=open archive, CA=closed archive, TAMS=top-at-mark-start (previous, next)
|   0|0x0000000080000000, 0x0000000080100000, 0x0000000080100000|100%|HS|  |TAMS 0x0000000080100000, 0x0000000080000000| Untracked 
|   1|0x0000000080100000, 0x0000000080200000, 0x0000000080200000|100%|HC|  |TAMS 0x0000000080200000, 0x0000000080100000| Untracked 
|   2|0x0000000080200000, 0x0000000080300000, 0x0000000080300000|100%|HC|  |TAMS 0x0000000080300000, 0x0000000080200000| Untracked 
|   3|0x0000000080300000, 0x00000000803fffe0, 0x0000000080400000| 99%| O|  |TAMS 0x0000000080300000, 0x0000000080300000| Untracked 
|   4|0x0000000080400000, 0x00000000804fff90, 0x0000000080500000| 99%| O|  |TAMS 0x0000000080400000, 0x0000000080400000| Untracked 
|   5|0x0000000080500000, 0x000000008054ff80, 0x0000000080600000| 31%| O|  |TAMS 0x0000000080500000, 0x0000000080500000| Untracked 
|   6|0x0000000080600000, 0x0000000080600000, 0x0000000080700000|  0%| F|  |TAMS 0x0000000080600000, 0x0000000080600000| Untracked 
|   7|0x0000000080700000, 0x0000000080700000, 0x0000000080800000|  0%| F|  |TAMS 0x0000000080700000, 0x0000000080700000| Untracked 
|   8|0x0000000080800000, 0x0000000080800000, 0x0000000080900000|  0%| F|  |TAMS 0x0000000080800000, 0x0000000080800000| Untracked 
|   9|0x0000000080900000, 0x0000000080900000, 0x0000000080a00000|  0%| F|  |TAMS 0x0000000080900000, 0x0000000080900000| Untracked 
|  10|0x0000000080a00000, 0x0000000080a00000, 0x0000000080b00000|  0%| F|  |TAMS 0x0000000080a00000, 0x0000000080a00000| Untracked 
|  11|0x0000000080b00000, 0x0000000080b00000, 0x0000000080c00000|  0%| F|  |TAMS 0x0000000080b00000, 0x0000000080b00000| Untracked 
|  12|0x0000000080c00000, 0x0000000080c00000, 0x0000000080d00000|  0%| F|  |TAMS 0x0000000080c00000, 0x0000000080c00000| Untracked 
|  13|0x0000000080d00000, 0x0000000080d00000, 0x0000000080e00000|  0%| F|  |TAMS 0x0000000080d00000, 0x0000000080d00000| Untracked 
|  14|0x0000000080e00000, 0x0000000080e00000, 0x0000000080f00000|  0%| F|  |TAMS 0x0000000080e00000, 0x0000000080e00000| Untracked 
|  15|0x0000000080f00000, 0x0000000080f00000, 0x0000000081000000|  0%| F|  |TAMS 0x0000000080f00000, 0x0000000080f00000| Untracked 
|  16|0x0000000081000000, 0x0000000081000000, 0x0000000081100000|  0%| F|  |TAMS 0x0000000081000000, 0x0000000081000000| Untracked 
|  17|0x0000000081100000, 0x0000000081100000, 0x0000000081200000|  0%| F|  |TAMS 0x0000000081100000, 0x0000000081100000| Untracked 
|  18|0x0000000081200000, 0x0000000081200000, 0x0000000081300000|  0%| F|  |TAMS 0x0000000081200000, 0x0000000081200000| Untracked 
|  19|0x0000000081300000, 0x0000000081300000, 0x0000000081400000|  0%| F|  |TAMS 0x0000000081300000, 0x0000000081300000| Untracked 
|  20|0x0000000081400000, 0x0000000081400000, 0x0000000081500000|  0%| F|  |TAMS 0x0000000081400000, 0x0000000081400000| Untracked 
|  21|0x0000000081500000, 0x0000000081500000, 0x0000000081600000|  0%| F|  |TAMS 0x0000000081500000, 0x0000000081500000| Untracked 
|  22|0x0000000081600000, 0x0000000081600000, 0x0000000081700000|  0%| F|  |TAMS 0x0000000081600000, 0x0000000081600000| Untracked 
|  23|0x0000000081700000, 0x0000000081700000, 0x0000000081800000|  0%| F|  |TAMS 0x0000000081700000, 0x0000000081700000| Untracked 
|  24|0x0000000081800000, 0x0000000081800000, 0x0000000081900000|  0%| F|  |TAMS 0x0000000081800000, 0x0000000081800000| Untracked 
|  25|0x0000000081900000, 0x0000000081900000, 0x0000000081a00000|  0%| F|  |TAMS 0x0000000081900000, 0x0000000081900000| Untracked 
|  26|0x0000000081a00000, 0x0000000081a00000, 0x0000000081b00000|  0%| F|  |TAMS 0x0000000081a00000, 0x0000000081a00000| Untracked 
|  27|0x0000000081b00000, 0x0000000081b00000, 0x0000000081c00000|  0%| F|  |TAMS 0x0000000081b00000, 0x0000000081b00000| Untracked 
|  28|0x0000000081c00000, 0x0000000081c00000, 0x0000000081d00000|  0%| F|  |TAMS 0x0000000081c00000, 0x0000000081c00000| Untracked 
|  29|0x0000000081d00000, 0x0000000081d00000, 0x0000000081e00000|  0%| F|  |TAMS 0x0000000081d00000, 0x0000000081d00000| Untracked 
|  30|0x0000000081e00000, 0x0000000081e00000, 0x0000000081f00000|  0%| F|  |TAMS 0x0000000081e00000, 0x0000000081e00000| Untracked 
|  31|0x0000000081f00000, 0x0000000081f00000, 0x0000000082000000|  0%| F|  |TAMS 0x0000000081f00000, 0x0000000081f00000| Untracked 
|  32|0x0000000082000000, 0x0000000082000000, 0x0000000082100000|  0%| F|  |TAMS 0x0000000082000000, 0x0000000082000000| Untracked 
|  33|0x0000000082100000, 0x0000000082100000, 0x0000000082200000|  0%| F|  |TAMS 0x0000000082100000, 0x0000000082100000| Untracked 
|  34|0x0000000082200000, 0x0000000082200000, 0x0000000082300000|  0%| F|  |TAMS 0x0000000082200000, 0x0000000082200000| Untracked 
|  35|0x0000000082300000, 0x0000000082300000, 0x0000000082400000|  0%| F|  |TAMS 0x0000000082300000, 0x0000000082300000| Untracked 
|  36|0x0000000082400000, 0x0000000082400000, 0x0000000082500000|  0%| F|  |TAMS 0x0000000082400000, 0x0000000082400000| Untracked 
|  37|0x0000000082500000, 0x0000000082500000, 0x0000000082600000|  0%| F|  |TAMS 0x0000000082500000, 0x0000000082500000| Untracked 
|  38|0x0000000082600000, 0x0000000082600000, 0x0000000082700000|  0%| F|  |TAMS 0x0000000082600000, 0x0000000082600000| Untracked 
|  39|0x0000000082700000, 0x0000000082700000, 0x0000000082800000|  0%| F|  |TAMS 0x0000000082700000, 0x0000000082700000| Untracked 
|  40|0x0000000082800000, 0x0000000082800000, 0x0000000082900000|  0%| F|  |TAMS 0x0000000082800000, 0x0000000082800000| Untracked 
|  41|0x0000000082900000, 0x0000000082900000, 0x0000000082a00000|  0%| F|  |TAMS 0x0000000082900000, 0x0000000082900000| Untracked 
|  42|0x0000000082a00000, 0x0000000082a00000, 0x0000000082b00000|  0%| F|  |TAMS 0x0000000082a00000, 0x0000000082a00000| Untracked 
|  43|0x0000000082b00000, 0x0000000082b00000, 0x0000000082c00000|  0%| F|  |TAMS 0x0000000082b00000, 0x0000000082b00000| Untracked 
|  44|0x0000000082c00000, 0x0000000082c00000, 0x0000000082d00000|  0%| F|  |TAMS 0x0000000082c00000, 0x0000000082c00000| Untracked 
|  45|0x0000000082d00000, 0x0000000082d00000, 0x0000000082e00000|  0%| F|  |TAMS 0x0000000082d00000, 0x0000000082d00000| Untracked 
|  46|0x0000000082e00000, 0x0000000082e00000, 0x0000000082f00000|  0%| F|  |TAMS 0x0000000082e00000, 0x0000000082e00000| Untracked 
|  47|0x0000000082f00000, 0x0000000082f00000, 0x0000000083000000|  0%| F|  |TAMS 0x0000000082f00000, 0x0000000082f00000| Untracked 
|  48|0x0000000083000000, 0x0000000083000000, 0x0000000083100000|  0%| F|  |TAMS 0x0000000083000000, 0x0000000083000000| Untracked 
|  49|0x0000000083100000, 0x0000000083100000, 0x0000000083200000|  0%| F|  |TAMS 0x0000000083100000, 0x0000000083100000| Untracked 
|  50|0x0000000083200000, 0x0000000083200000, 0x0000000083300000|  0%| F|  |TAMS 0x0000000083200000, 0x0000000083200000| Untracked 
|  51|0x0000000083300000, 0x0000000083300000, 0x0000000083400000|  0%| F|  |TAMS 0x0000000083300000, 0x0000000083300000| Untracked 
|  52|0x0000000083400000, 0x0000000083400000, 0x0000000083500000|  0%| F|  |TAMS 0x0000000083400000, 0x0000000083400000| Untracked 
|  53|0x0000000083500000, 0x0000000083500000, 0x0000000083600000|  0%| F|  |TAMS 0x0000000083500000, 0x0000000083500000| Untracked 
|  54|0x0000000083600000, 0x0000000083600000, 0x0000000083700000|  0%| F|  |TAMS 0x0000000083600000, 0x0000000083600000| Untracked 
|  55|0x0000000083700000, 0x0000000083700000, 0x0000000083800000|  0%| F|  |TAMS 0x0000000083700000, 0x0000000083700000| Untracked 
|  56|0x0000000083800000, 0x0000000083800000, 0x0000000083900000|  0%| F|  |TAMS 0x0000000083800000, 0x0000000083800000| Untracked 
|  57|0x0000000083900000, 0x0000000083900000, 0x0000000083a00000|  0%| F|  |TAMS 0x0000000083900000, 0x0000000083900000| Untracked 
|  58|0x0000000083a00000, 0x0000000083a00000, 0x0000000083b00000|  0%| F|  |TAMS 0x0000000083a00000, 0x0000000083a00000| Untracked 
|  59|0x0000000083b00000, 0x0000000083b00000, 0x0000000083c00000|  0%| F|  |TAMS 0x0000000083b00000, 0x0000000083b00000| Untracked 
|  60|0x0000000083c00000, 0x0000000083c00000, 0x0000000083d00000|  0%| F|  |TAMS 0x0000000083c00000, 0x0000000083c00000| Untracked 
|  61|0x0000000083d00000, 0x0000000083d00000, 0x0000000083e00000|  0%| F|  |TAMS 0x0000000083d00000, 0x0000000083d00000| Untracked 
|  62|0x0000000083e00000, 0x0000000083e00000, 0x0000000083f00000|  0%| F|  |TAMS 0x0000000083e00000, 0x0000000083e00000| Untracked 
|  63|0x0000000083f00000, 0x0000000083f00000, 0x0000000084000000|  0%| F|  |TAMS 0x0000000083f00000, 0x0000000083f00000| Untracked 
|  64|0x0000000084000000, 0x0000000084000000, 0x0000000084100000|  0%| F|  |TAMS 0x0000000084000000, 0x0000000084000000| Untracked 
|  65|0x0000000084100000, 0x0000000084100000, 0x0000000084200000|  0%| F|  |TAMS 0x0000000084100000, 0x0000000084100000| Untracked 
|  66|0x0000000084200000, 0x0000000084200000, 0x0000000084300000|  0%| F|  |TAMS 0x0000000084200000, 0x0000000084200000| Untracked 
|  67|0x0000000084300000, 0x0000000084300000, 0x0000000084400000|  0%| F|  |TAMS 0x0000000084300000, 0x0000000084300000| Untracked 
|  68|0x0000000084400000, 0x0000000084400000, 0x0000000084500000|  0%| F|  |TAMS 0x0000000084400000, 0x0000000084400000| Untracked 
|  69|0x0000000084500000, 0x0000000084500000, 0x0000000084600000|  0%| F|  |TAMS 0x0000000084500000, 0x0000000084500000| Untracked 
|  70|0x0000000084600000, 0x0000000084600000, 0x0000000084700000|  0%| F|  |TAMS 0x0000000084600000, 0x0000000084600000| Untracked 
|  71|0x0000000084700000, 0x0000000084700000, 0x0000000084800000|  0%| F|  |TAMS 0x0000000084700000, 0x0000000084700000| Untracked 
|  72|0x0000000084800000, 0x0000000084800000, 0x0000000084900000|  0%| F|  |TAMS 0x0000000084800000, 0x0000000084800000| Untracked 
|  73|0x0000000084900000, 0x0000000084900000, 0x0000000084a00000|  0%| F|  |TAMS 0x0000000084900000, 0x0000000084900000| Untracked 
|  74|0x0000000084a00000, 0x0000000084a00000, 0x0000000084b00000|  0%| F|  |TAMS 0x0000000084a00000, 0x0000000084a00000| Untracked 
|  75|0x0000000084b00000, 0x0000000084b00000, 0x0000000084c00000|  0%| F|  |TAMS 0x0000000084b00000, 0x0000000084b00000| Untracked 
|  76|0x0000000084c00000, 0x0000000084c00000, 0x0000000084d00000|  0%| F|  |TAMS 0x0000000084c00000, 0x0000000084c00000| Untracked 
|  77|0x0000000084d00000, 0x0000000084d00000, 0x0000000084e00000|  0%| F|  |TAMS 0x0000000084d00000, 0x0000000084d00000| Untracked 
|  78|0x0000000084e00000, 0x0000000084e00000, 0x0000000084f00000|  0%| F|  |TAMS 0x0000000084e00000, 0x0000000084e00000| Untracked 
|  79|0x0000000084f00000, 0x0000000084f00000, 0x0000000085000000|  0%| F|  |TAMS 0x0000000084f00000, 0x0000000084f00000| Untracked 
|  80|0x0000000085000000, 0x0000000085000000, 0x0000000085100000|  0%| F|  |TAMS 0x0000000085000000, 0x0000000085000000| Untracked 
|  81|0x0000000085100000, 0x0000000085100000, 0x0000000085200000|  0%| F|  |TAMS 0x0000000085100000, 0x0000000085100000| Untracked 
|  82|0x0000000085200000, 0x0000000085200000, 0x0000000085300000|  0%| F|  |TAMS 0x0000000085200000, 0x0000000085200000| Untracked 
|  83|0x0000000085300000, 0x0000000085300000, 0x0000000085400000|  0%| F|  |TAMS 0x0000000085300000, 0x0000000085300000| Untracked 
|  84|0x0000000085400000, 0x0000000085400000, 0x0000000085500000|  0%| F|  |TAMS 0x0000000085400000, 0x0000000085400000| Untracked 
|  85|0x0000000085500000, 0x0000000085500000, 0x0000000085600000|  0%| F|  |TAMS 0x0000000085500000, 0x0000000085500000| Untracked 
|  86|0x0000000085600000, 0x0000000085600000, 0x0000000085700000|  0%| F|  |TAMS 0x0000000085600000, 0x0000000085600000| Untracked 
|  87|0x0000000085700000, 0x0000000085700000, 0x0000000085800000|  0%| F|  |TAMS 0x0000000085700000, 0x0000000085700000| Untracked 
|  88|0x0000000085800000, 0x0000000085800000, 0x0000000085900000|  0%| F|  |TAMS 0x0000000085800000, 0x0000000085800000| Untracked 
|  89|0x0000000085900000, 0x0000000085900000, 0x0000000085a00000|  0%| F|  |TAMS 0x0000000085900000, 0x0000000085900000| Untracked 
|  90|0x0000000085a00000, 0x0000000085a00000, 0x0000000085b00000|  0%| F|  |TAMS 0x0000000085a00000, 0x0000000085a00000| Untracked 
|  91|0x0000000085b00000, 0x0000000085b00000, 0x0000000085c00000|  0%| F|  |TAMS 0x0000000085b00000, 0x0000000085b00000| Untracked 
|  92|0x0000000085c00000, 0x0000000085c00000, 0x0000000085d00000|  0%| F|  |TAMS 0x0000000085c00000, 0x0000000085c00000| Untracked 
|  93|0x0000000085d00000, 0x0000000085d00000, 0x0000000085e00000|  0%| F|  |TAMS 0x0000000085d00000, 0x0000000085d00000| Untracked 
|  94|0x0000000085e00000, 0x0000000085e00000, 0x0000000085f00000|  0%| F|  |TAMS 0x0000000085e00000, 0x0000000085e00000| Untracked 
|  95|0x0000000085f00000, 0x0000000085f00000, 0x0000000086000000|  0%| F|  |TAMS 0x0000000085f00000, 0x0000000085f00000| Untracked 
|  96|0x0000000086000000, 0x0000000086000000, 0x0000000086100000|  0%| F|  |TAMS 0x0000000086000000, 0x0000000086000000| Untracked 
|  97|0x0000000086100000, 0x0000000086100000, 0x0000000086200000|  0%| F|  |TAMS 0x0000000086100000, 0x0000000086100000| Untracked 
|  98|0x0000000086200000, 0x0000000086200000, 0x0000000086300000|  0%| F|  |TAMS 0x0000000086200000, 0x0000000086200000| Untracked 
|  99|0x0000000086300000, 0x0000000086300000, 0x0000000086400000|  0%| F|  |TAMS 0x0000000086300000, 0x0000000086300000| Untracked 
| 100|0x0000000086400000, 0x0000000086400000, 0x0000000086500000|  0%| F|  |TAMS 0x0000000086400000, 0x0000000086400000| Untracked 
| 101|0x0000000086500000, 0x0000000086500000, 0x0000000086600000|  0%| F|  |TAMS 0x0000000086500000, 0x0000000086500000| Untracked 
| 102|0x0000000086600000, 0x0000000086700000, 0x0000000086700000|100%| O|  |TAMS 0x0000000086700000, 0x0000000086600000| Untracked 
| 103|0x0000000086700000, 0x0000000086800000, 0x0000000086800000|100%| O|  |TAMS 0x0000000086800000, 0x0000000086700000| Untracked 
| 104|0x0000000086800000, 0x00000000868ffff0, 0x0000000086900000| 99%| O|  |TAMS 0x0000000086800000, 0x0000000086800000| Untracked 
| 105|0x0000000086900000, 0x0000000086962760, 0x0000000086a00000| 38%| O|  |TAMS 0x0000000086900000, 0x0000000086900000| Untracked 
| 106|0x0000000086a00000, 0x0000000086a00000, 0x0000000086b00000|  0%| F|  |TAMS 0x0000000086a00000, 0x0000000086a00000| Untracked 
| 107|0x0000000086b00000, 0x0000000086b00000, 0x0000000086c00000|  0%| F|  |TAMS 0x0000000086b00000, 0x0000000086b00000| Untracked 
| 108|0x0000000086c00000, 0x0000000086c00000, 0x0000000086d00000|  0%| F|  |TAMS 0x0000000086c00000, 0x0000000086c00000| Untracked 
| 109|0x0000000086d00000, 0x0000000086d00000, 0x0000000086e00000|  0%| F|  |TAMS 0x0000000086d00000, 0x0000000086d00000| Untracked 
| 110|0x0000000086e00000, 0x0000000086e00000, 0x0000000086f00000|  0%| F|  |TAMS 0x0000000086e00000, 0x0000000086e00000| Untracked 
| 111|0x0000000086f00000, 0x0000000086f00000, 0x0000000087000000|  0%| F|  |TAMS 0x0000000086f00000, 0x0000000086f00000| Untracked 
| 112|0x0000000087000000, 0x0000000087000000, 0x0000000087100000|  0%| F|  |TAMS 0x0000000087000000, 0x0000000087000000| Untracked 
| 113|0x0000000087100000, 0x0000000087100000, 0x0000000087200000|  0%| F|  |TAMS 0x0000000087100000, 0x0000000087100000| Untracked 
| 114|0x0000000087200000, 0x0000000087200000, 0x0000000087300000|  0%| F|  |TAMS 0x0000000087200000, 0x0000000087200000| Untracked 
| 115|0x0000000087300000, 0x0000000087300000, 0x0000000087400000|  0%| F|  |TAMS 0x0000000087300000, 0x0000000087300000| Untracked 
| 116|0x0000000087400000, 0x000000008742df50, 0x0000000087500000| 17%| O|  |TAMS 0x0000000087400000, 0x0000000087400000| Untracked 
| 117|0x0000000087500000, 0x0000000087500000, 0x0000000087600000|  0%| F|  |TAMS 0x0000000087500000, 0x0000000087500000| Untracked 
| 118|0x0000000087600000, 0x0000000087600000, 0x0000000087700000|  0%| F|  |TAMS 0x0000000087600000, 0x0000000087600000| Untracked 
| 119|0x0000000087700000, 0x000000008777a420, 0x0000000087800000| 47%| E|  |TAMS 0x0000000087700000, 0x0000000087700000| Complete 
| 120|0x0000000087800000, 0x0000000087900000, 0x0000000087900000|100%| E|  |TAMS 0x0000000087800000, 0x0000000087800000| Complete 
| 121|0x0000000087900000, 0x0000000087a00000, 0x0000000087a00000|100%| E|  |TAMS 0x0000000087900000, 0x0000000087900000| Complete 
| 122|0x0000000087a00000, 0x0000000087b00000, 0x0000000087b00000|100%| E|  |TAMS 0x0000000087a00000, 0x0000000087a00000| Complete 
| 123|0x0000000087b00000, 0x0000000087c00000, 0x0000000087c00000|100%| E|  |TAMS 0x0000000087b00000, 0x0000000087b00000| Complete 
| 124|0x0000000087c00000, 0x0000000087d00000, 0x0000000087d00000|100%| E|  |TAMS 0x0000000087c00000, 0x0000000087c00000| Complete 
| 125|0x0000000087d00000, 0x0000000087e00000, 0x0000000087e00000|100%| E|  |TAMS 0x0000000087d00000, 0x0000000087d00000| Complete 
| 126|0x0000000087e00000, 0x0000000087f00000, 0x0000000087f00000|100%| E|  |TAMS 0x0000000087e00000, 0x0000000087e00000| Complete 
| 127|0x0000000087f00000, 0x0000000088000000, 0x0000000088000000|100%| E|  |TAMS 0x0000000087f00000, 0x0000000087f00000| Complete 

Card table byte_map: [0x0000020ef3620000,0x0000020ef3a20000] _byte_map_base: 0x0000020ef3220000

Marking Bits (Prev, Next): (CMBitMap*) 0x0000020ede68b8b0, (CMBitMap*) 0x0000020ede68b870
 Prev Bits: [0x0000020ef5e20000, 0x0000020ef7e20000)
 Next Bits: [0x0000020ef3e20000, 0x0000020ef5e20000)

Polling page: 0x0000020ede330000

Metaspace:

Usage:
  Non-class:     18.29 MB used.
      Class:      2.03 MB used.
       Both:     20.32 MB used.

Virtual space:
  Non-class space:       64.00 MB reserved,      18.44 MB ( 29%) committed,  1 nodes.
      Class space:        1.00 GB reserved,       2.19 MB ( <1%) committed,  1 nodes.
             Both:        1.06 GB reserved,      20.62 MB (  2%) committed. 

Chunk freelists:
   Non-Class:  13.43 MB
       Class:  13.84 MB
        Both:  27.27 MB

MaxMetaspaceSize: unlimited
CompressedClassSpaceSize: 1.00 GB
Initial GC threshold: 21.00 MB
Current GC threshold: 34.38 MB
CDS: off
MetaspaceReclaimPolicy: balanced
 - commit_granule_bytes: 65536.
 - commit_granule_words: 8192.
 - virtual_space_node_default_size: 8388608.
 - enlarge_chunks_in_place: 1.
 - new_chunks_are_fully_committed: 0.
 - uncommit_free_chunks: 1.
 - use_allocation_guard: 0.
 - handle_deallocations: 1.


Internal statistics:

num_allocs_failed_limit: 0.
num_arena_births: 308.
num_arena_deaths: 26.
num_vsnodes_births: 2.
num_vsnodes_deaths: 0.
num_space_committed: 330.
num_space_uncommitted: 0.
num_chunks_returned_to_freelist: 35.
num_chunks_taken_from_freelist: 680.
num_chunk_merges: 2.
num_chunk_splits: 419.
num_chunks_enlarged: 223.
num_inconsistent_stats: 0.

CodeHeap 'non-profiled nmethods': size=120000Kb used=1181Kb max_used=1181Kb free=118818Kb
 bounds [0x0000020eeb070000, 0x0000020eeb2e0000, 0x0000020ef25a0000]
CodeHeap 'profiled nmethods': size=120000Kb used=4629Kb max_used=4629Kb free=115370Kb
 bounds [0x0000020ee35a0000, 0x0000020ee3a30000, 0x0000020eeaad0000]
CodeHeap 'non-nmethods': size=5760Kb used=1208Kb max_used=1262Kb free=4551Kb
 bounds [0x0000020eeaad0000, 0x0000020eead40000, 0x0000020eeb070000]
 total_blobs=2786 nmethods=2271 adapters=428
 compilation: enabled
              stopped_count=0, restarted_count=0
 full_count=0

Compilation events (20 events):
Event: 6896.175 Thread 0x0000020eff03c9b0 2263       4       java.io.ObjectInputStream$BlockDataInputStream::readInt (73 bytes)
Event: 6896.178 Thread 0x0000020eff03c9b0 nmethod 2263 0x0000020eeb18ff10 code [0x0000020eeb1900c0, 0x0000020eeb1904f8]
Event: 6900.333 Thread 0x0000020eff03d780 2264       3       java.lang.System::checkKey (34 bytes)
Event: 6900.334 Thread 0x0000020eff03d780 nmethod 2264 0x0000020ee3a24e10 code [0x0000020ee3a24fe0, 0x0000020ee3a25398]
Event: 6900.334 Thread 0x0000020eff03c9b0 2265       4       java.io.ObjectInputStream$HandleTable::assign (48 bytes)
Event: 6900.343 Thread 0x0000020eff03c9b0 nmethod 2265 0x0000020eeb190990 code [0x0000020eeb190b40, 0x0000020eeb1915b8]
Event: 6900.343 Thread 0x0000020eff03c9b0 2266       4       java.io.ObjectInputStream$HandleTable::finish (111 bytes)
Event: 6900.344 Thread 0x0000020eff03c9b0 nmethod 2266 0x0000020eeb191910 code [0x0000020eeb191a80, 0x0000020eeb191c58]
Event: 6907.766 Thread 0x0000020eff03c9b0 2267       4       java.net.Socket$SocketInputStream::read (11 bytes)
Event: 6907.782 Thread 0x0000020eff03c9b0 nmethod 2267 0x0000020eeb191d90 code [0x0000020eeb192000, 0x0000020eeb193490]
Event: 7031.193 Thread 0x0000020eff03c9b0 2268       4       java.io.FilterInputStream::read (8 bytes)
Event: 7031.197 Thread 0x0000020eff03c9b0 nmethod 2268 0x0000020eeb194710 code [0x0000020eeb1948c0, 0x0000020eeb195208]
Event: 7040.214 Thread 0x0000020eff03c9b0 2269       4       java.lang.Integer::numberOfLeadingZeros (79 bytes)
Event: 7040.214 Thread 0x0000020eff03c9b0 nmethod 2269 0x0000020eeb195510 code [0x0000020eeb195680, 0x0000020eeb195738]
Event: 7121.237 Thread 0x0000020eff03c9b0 2270       4       java.rmi.server.UID::equals (54 bytes)
Event: 7121.240 Thread 0x0000020eff03c9b0 nmethod 2270 0x0000020eeb195810 code [0x0000020eeb1959a0, 0x0000020eeb195ad8]
Event: 7130.240 Thread 0x0000020eff03c9b0 2271       4       java.io.ObjectInputStream$BlockDataInputStream::readUTFBody (192 bytes)
Event: 7130.254 Thread 0x0000020eff03c9b0 nmethod 2271 0x0000020eeb195c10 code [0x0000020eeb195e00, 0x0000020eeb1969f0]
Event: 7157.247 Thread 0x0000020eff03c9b0 2272       4       java.lang.Long::valueOf (40 bytes)
Event: 7157.251 Thread 0x0000020eff03c9b0 nmethod 2272 0x0000020eeb197110 code [0x0000020eeb1972a0, 0x0000020eeb197398]

GC Heap History (5 events):
Event: 0.449 GC heap before
{Heap before GC invocations=0 (full 0):
 garbage-first heap   total 131072K, used 25600K [0x0000000080000000, 0x0000000100000000)
  region size 1024K, 23 young (23552K), 0 survivors (0K)
 Metaspace       used 17738K, committed 17984K, reserved 1114112K
  class space    used 1831K, committed 1984K, reserved 1048576K
}
Event: 0.452 GC heap after
{Heap after GC invocations=1 (full 0):
 garbage-first heap   total 131072K, used 8030K [0x0000000080000000, 0x0000000100000000)
  region size 1024K, 3 young (3072K), 3 survivors (3072K)
 Metaspace       used 17738K, committed 17984K, reserved 1114112K
  class space    used 1831K, committed 1984K, reserved 1048576K
}
Event: 3600.007 GC heap before
{Heap before GC invocations=1 (full 0):
 garbage-first heap   total 131072K, used 30558K [0x0000000080000000, 0x0000000100000000)
  region size 1024K, 26 young (26624K), 3 survivors (3072K)
 Metaspace       used 20840K, committed 21120K, reserved 1114112K
  class space    used 2085K, committed 2240K, reserved 1048576K
}
Event: 3600.047 GC heap after
{Heap after GC invocations=2 (full 1):
 garbage-first heap   total 131072K, used 9089K [0x0000000080000000, 0x0000000100000000)
  region size 1024K, 0 young (0K), 0 survivors (0K)
 Metaspace       used 20805K, committed 21120K, reserved 1114112K
  class space    used 2078K, committed 2240K, reserved 1048576K
}
Event: 7200.049 GC heap before
{Heap before GC invocations=2 (full 1):
 garbage-first heap   total 131072K, used 17281K [0x0000000080000000, 0x0000000100000000)
  region size 1024K, 9 young (9216K), 0 survivors (0K)
 Metaspace       used 20806K, committed 21120K, reserved 1114112K
  class space    used 2078K, committed 2240K, reserved 1048576K
}

Dll operation events (1 events):
Event: 0.004 Loaded shared library C:\Program Files\JetBrains\IntelliJ IDEA 2023.3.4\jbr\bin\java.dll

Deoptimization events (20 events):
Event: 0.524 Thread 0x0000020eff667f40 DEOPT PACKING pc=0x0000020eeb0f405c sp=0x000000d787efd010
Event: 0.524 Thread 0x0000020eff667f40 DEOPT UNPACKING pc=0x0000020eeab269a3 sp=0x000000d787efcfc8 mode 2
Event: 0.524 Thread 0x0000020eff667f40 Uncommon trap: trap_request=0xffffffbe fr.pc=0x0000020eeb0f405c relative=0x000000000000071c
Event: 0.524 Thread 0x0000020eff667f40 Uncommon trap: reason=profile_predicate action=maybe_recompile pc=0x0000020eeb0f405c method=java.lang.PublicMethods$MethodList.filter([Ljava/lang/reflect/Method;Ljava/lang/String;[Ljava/lang/Class;Z)Ljava/lang/PublicMethods$MethodList; @ 21 c2
Event: 0.524 Thread 0x0000020eff667f40 DEOPT PACKING pc=0x0000020eeb0f405c sp=0x000000d787efd010
Event: 0.524 Thread 0x0000020eff667f40 DEOPT UNPACKING pc=0x0000020eeab269a3 sp=0x000000d787efcfc8 mode 2
Event: 0.567 Thread 0x0000020eff667f40 DEOPT PACKING pc=0x0000020ee363793a sp=0x000000d787efdcb0
Event: 0.567 Thread 0x0000020eff667f40 DEOPT UNPACKING pc=0x0000020eeab27143 sp=0x000000d787efd128 mode 0
Event: 0.574 Thread 0x0000020eff667f40 DEOPT PACKING pc=0x0000020ee36be53e sp=0x000000d787efe660
Event: 0.574 Thread 0x0000020eff667f40 DEOPT UNPACKING pc=0x0000020eeab27143 sp=0x000000d787efdb00 mode 0
Event: 0.602 Thread 0x0000020eff667f40 DEOPT PACKING pc=0x0000020ee363793a sp=0x000000d787efdd00
Event: 0.602 Thread 0x0000020eff667f40 DEOPT UNPACKING pc=0x0000020eeab27143 sp=0x000000d787efd178 mode 0
Event: 0.682 Thread 0x0000020eff667f40 DEOPT PACKING pc=0x0000020ee3785c47 sp=0x000000d787efcdb0
Event: 0.682 Thread 0x0000020eff667f40 DEOPT UNPACKING pc=0x0000020eeab27143 sp=0x000000d787efc210 mode 0
Event: 0.683 Thread 0x0000020eff667f40 Uncommon trap: trap_request=0xffffff45 fr.pc=0x0000020eeb10f690 relative=0x0000000000004a10
Event: 0.683 Thread 0x0000020eff667f40 Uncommon trap: reason=unstable_if action=reinterpret pc=0x0000020eeb10f690 method=jdk.internal.org.objectweb.asm.Type.getArgumentsAndReturnSizes(Ljava/lang/String;)I @ 123 c2
Event: 0.683 Thread 0x0000020eff667f40 DEOPT PACKING pc=0x0000020eeb10f690 sp=0x000000d787efd870
Event: 0.683 Thread 0x0000020eff667f40 DEOPT UNPACKING pc=0x0000020eeab269a3 sp=0x000000d787efd728 mode 2
Event: 11.841 Thread 0x0000020eff667f40 DEOPT PACKING pc=0x0000020ee370c3d9 sp=0x000000d787efc4a0
Event: 11.841 Thread 0x0000020eff667f40 DEOPT UNPACKING pc=0x0000020eeab27143 sp=0x000000d787efb998 mode 0

Classes unloaded (13 events):
Event: 3600.022 Thread 0x0000020eff013b70 Unloading class 0x0000000100154c00 'jdk/internal/reflect/GeneratedSerializationConstructorAccessor14'
Event: 3600.022 Thread 0x0000020eff013b70 Unloading class 0x0000000100154400 'jdk/internal/reflect/GeneratedSerializationConstructorAccessor13'
Event: 3600.022 Thread 0x0000020eff013b70 Unloading class 0x0000000100153c00 'jdk/internal/reflect/GeneratedSerializationConstructorAccessor11'
Event: 3600.022 Thread 0x0000020eff013b70 Unloading class 0x0000000100152c00 'jdk/internal/reflect/GeneratedSerializationConstructorAccessor7'
Event: 3600.022 Thread 0x0000020eff013b70 Unloading class 0x0000000100152800 'jdk/internal/reflect/GeneratedSerializationConstructorAccessor6'
Event: 3600.022 Thread 0x0000020eff013b70 Unloading class 0x0000000100151800 'jdk/internal/reflect/GeneratedSerializationConstructorAccessor1'
Event: 3600.022 Thread 0x0000020eff013b70 Unloading class 0x0000000100150800 'java/lang/invoke/LambdaForm$MH+0x0000000100150800'
Event: 3600.022 Thread 0x0000020eff013b70 Unloading class 0x0000000100150000 'java/lang/invoke/LambdaForm$MH+0x0000000100150000'
Event: 3600.022 Thread 0x0000020eff013b70 Unloading class 0x000000010014f800 'java/lang/invoke/LambdaForm$MH+0x000000010014f800'
Event: 3600.022 Thread 0x0000020eff013b70 Unloading class 0x000000010014f000 'java/lang/invoke/LambdaForm$MH+0x000000010014f000'
Event: 3600.022 Thread 0x0000020eff013b70 Unloading class 0x000000010014e800 'java/lang/invoke/LambdaForm$MH+0x000000010014e800'
Event: 3600.022 Thread 0x0000020eff013b70 Unloading class 0x000000010014e000 'java/lang/invoke/LambdaForm$MH+0x000000010014e000'
Event: 3600.022 Thread 0x0000020eff013b70 Unloading class 0x000000010014d800 'java/lang/invoke/LambdaForm$MH+0x000000010014d800'

Classes redefined (0 events):
No events

Internal exceptions (20 events):
Event: 0.139 Thread 0x0000020ede62fe80 Exception <a 'java/lang/IncompatibleClassChangeError'{0x0000000087b67d70}: Found class java.lang.Object, but interface was expected> (0x0000000087b67d70) 
thrown [s\src\hotspot\share\interpreter\linkResolver.cpp, line 838]
Event: 0.147 Thread 0x0000020ede62fe80 Exception <a 'java/lang/NoSuchMethodError'{0x0000000087b73b60}: 'java.lang.Object java.lang.invoke.DirectMethodHandle$Holder.invokeStaticInit(java.lang.Object)'> (0x0000000087b73b60) 
thrown [s\src\hotspot\share\interpreter\linkResolver.cpp, line 771]
Event: 0.166 Thread 0x0000020ede62fe80 Exception <a 'java/lang/NoSuchMethodError'{0x0000000087bf0700}: 'java.lang.Object java.lang.invoke.DirectMethodHandle$Holder.invokeStaticInit(java.lang.Object, int, int, int, int)'> (0x0000000087bf0700) 
thrown [s\src\hotspot\share\interpreter\linkResolver.cpp, line 771]
Event: 0.191 Thread 0x0000020ede62fe80 Exception <a 'java/lang/NoSuchMethodError'{0x0000000087ab75b8}: 'java.lang.Object java.lang.invoke.DirectMethodHandle$Holder.invokeStaticInit(java.lang.Object, java.lang.Object, int, int, int, int)'> (0x0000000087ab75b8) 
thrown [s\src\hotspot\share\interpreter\linkResolver.cpp, line 771]
Event: 0.229 Thread 0x0000020ede62fe80 Exception <a 'java/lang/NoSuchMethodError'{0x0000000087731190}: 'java.lang.Object java.lang.invoke.Invokers$Holder.linkToTargetMethod(java.lang.Object, long, java.lang.Object)'> (0x0000000087731190) 
thrown [s\src\hotspot\share\interpreter\linkResolver.cpp, line 771]
Event: 0.258 Thread 0x0000020eff668960 Exception <a 'java/lang/NoSuchMethodError'{0x00000000875fd160}: static [B.<clinit>()V> (0x00000000875fd160) 
thrown [s\src\hotspot\share\prims\jni.cpp, line 1108]
Event: 0.258 Thread 0x0000020eff667f40 Exception <a 'java/lang/NoSuchMethodError'{0x0000000087591e10}: static [B.<clinit>()V> (0x0000000087591e10) 
thrown [s\src\hotspot\share\prims\jni.cpp, line 1108]
Event: 0.283 Thread 0x0000020eff667f40 Exception <a 'java/lang/NoSuchMethodError'{0x00000000875bf6e0}: static [Ljava/rmi/server/ObjID;.<clinit>()V> (0x00000000875bf6e0) 
thrown [s\src\hotspot\share\prims\jni.cpp, line 1108]
Event: 0.284 Thread 0x0000020eff668450 Exception <a 'java/lang/InterruptedException'{0x0000000087400000}> (0x0000000087400000) 
thrown [s\src\hotspot\share\runtime\objectMonitor.cpp, line 1658]
Event: 0.285 Thread 0x0000020eff667f40 Exception <a 'java/lang/NoSuchMethodError'{0x00000000875c70c8}: 'void java.lang.invoke.DirectMethodHandle$Holder.invokeSpecial(java.lang.Object, java.lang.Object, java.lang.Object)'> (0x00000000875c70c8) 
thrown [s\src\hotspot\share\interpreter\linkResolver.cpp, line 771]
Event: 0.285 Thread 0x0000020eff668450 Exception <a 'java/lang/NoSuchMethodError'{0x0000000087408a00}: 'java.lang.Object java.lang.invoke.DirectMethodHandle$Holder.newInvokeSpecial(java.lang.Object, java.lang.Object, int, java.lang.Object, long)'> (0x0000000087408a00) 
thrown [s\src\hotspot\share\interpreter\linkResolver.cpp, line 771]
Event: 0.285 Thread 0x0000020eff667f40 Exception <a 'java/lang/NoSuchMethodError'{0x00000000875ca630}: 'void java.lang.invoke.Invokers$Holder.invoke_MT(java.lang.Object, java.lang.Object, java.lang.Object)'> (0x00000000875ca630) 
thrown [s\src\hotspot\share\interpreter\linkResolver.cpp, line 771]
Event: 0.331 Thread 0x0000020eff667f40 Exception <a 'java/lang/NoSuchMethodError'{0x00000000872a5470}: 'java.lang.Object java.lang.invoke.DirectMethodHandle$Holder.invokeInterface(java.lang.Object, java.lang.Object)'> (0x00000000872a5470) 
thrown [s\src\hotspot\share\interpreter\linkResolver.cpp, line 771]
Event: 0.358 Thread 0x0000020eff667f40 Exception <a 'java/lang/NoSuchMethodError'{0x00000000871e7918}: 'java.lang.Object java.lang.invoke.DirectMethodHandle$Holder.invokeVirtual(java.lang.Object, java.lang.Object, java.lang.Object)'> (0x00000000871e7918) 
thrown [s\src\hotspot\share\interpreter\linkResolver.cpp, line 771]
Event: 0.379 Thread 0x0000020eff667f40 Exception <a 'java/lang/NoSuchMethodError'{0x0000000086fbfab8}: 'void java.lang.invoke.DirectMethodHandle$Holder.invokeStatic(java.lang.Object, java.lang.Object, java.lang.Object, java.lang.Object)'> (0x0000000086fbfab8) 
thrown [s\src\hotspot\share\interpreter\linkResolver.cpp, line 771]
Event: 0.475 Thread 0x0000020eff667f40 Exception <a 'java/lang/NoSuchMethodError'{0x0000000087d42f28}: 'java.lang.Object java.lang.invoke.DirectMethodHandle$Holder.invokeStatic(java.lang.Object, java.lang.Object, long, java.lang.Object, java.lang.Object)'> (0x0000000087d42f28) 
thrown [s\src\hotspot\share\interpreter\linkResolver.cpp, line 771]
Event: 0.475 Thread 0x0000020eff667f40 Exception <a 'java/lang/NoSuchMethodError'{0x0000000087d4a6c0}: 'java.lang.Object java.lang.invoke.DirectMethodHandle$Holder.newInvokeSpecial(java.lang.Object, java.lang.Object, long)'> (0x0000000087d4a6c0) 
thrown [s\src\hotspot\share\interpreter\linkResolver.cpp, line 771]
Event: 0.528 Thread 0x0000020eff667f40 Exception <a 'java/lang/NoSuchMethodError'{0x00000000877b73c8}: 'java.lang.Object java.lang.invoke.DirectMethodHandle$Holder.newInvokeSpecial(java.lang.Object, java.lang.Object, int)'> (0x00000000877b73c8) 
thrown [s\src\hotspot\share\interpreter\linkResolver.cpp, line 771]
Event: 0.718 Thread 0x0000020eff667f40 Exception <a 'java/lang/NoSuchMethodError'{0x000000008712f8f8}: static Lcom/intellij/database/remote/jdbc/RemoteResultSet$DataRetrievingOptions;.<clinit>()V> (0x000000008712f8f8) 
thrown [s\src\hotspot\share\prims\jni.cpp, line 1108]
Event: 0.723 Thread 0x0000020eff667f40 Exception <a 'java/lang/NoSuchMethodError'{0x000000008719e648}: static [Ljava/lang/Object;.<clinit>()V> (0x000000008719e648) 
thrown [s\src\hotspot\share\prims\jni.cpp, line 1108]

VM Operations (20 events):
Event: 3300.758 Executing VM operation: Cleanup done
Event: 3340.784 Executing VM operation: Cleanup
Event: 3340.784 Executing VM operation: Cleanup done
Event: 3466.847 Executing VM operation: Cleanup
Event: 3466.847 Executing VM operation: Cleanup done
Event: 3600.006 Executing VM operation: G1CollectFull
Event: 3600.047 Executing VM operation: G1CollectFull done
Event: 3601.047 Executing VM operation: Cleanup
Event: 3601.047 Executing VM operation: Cleanup done
Event: 3908.199 Executing VM operation: Cleanup
Event: 3908.200 Executing VM operation: Cleanup done
Event: 3935.212 Executing VM operation: Cleanup
Event: 3935.212 Executing VM operation: Cleanup done
Event: 5284.901 Executing VM operation: Cleanup
Event: 5284.901 Executing VM operation: Cleanup done
Event: 5400.960 Executing VM operation: Cleanup
Event: 5400.960 Executing VM operation: Cleanup done
Event: 6914.708 Executing VM operation: Cleanup
Event: 6914.708 Executing VM operation: Cleanup done
Event: 7200.048 Executing VM operation: G1CollectFull

Events (20 events):
Event: 11.840 loading class java/security/spec/KeySpec done
Event: 11.840 loading class javax/net/ssl/SSLSocket
Event: 11.840 loading class javax/net/ssl/SSLSocket done
Event: 15.285 loading class java/util/ArrayList$ListItr
Event: 15.285 loading class java/util/ArrayList$ListItr done
Event: 16.835 Thread 0x0000020eff667520 Thread added: 0x0000020eff667520
Event: 16.835 Thread 0x0000020eff0de490 Thread added: 0x0000020eff0de490
Event: 16.835 Thread 0x0000020eff0dd050 Thread added: 0x0000020eff0dd050
Event: 16.835 Thread 0x0000020eff0dace0 Thread added: 0x0000020eff0dace0
Event: 16.835 Thread 0x0000020eff0de490 Thread exited: 0x0000020eff0de490
Event: 16.835 Thread 0x0000020eff0dace0 Thread exited: 0x0000020eff0dace0
Event: 16.835 Thread 0x0000020eff0dd050 Thread exited: 0x0000020eff0dd050
Event: 16.835 Thread 0x0000020eff667520 Thread exited: 0x0000020eff667520
Event: 75.262 loading class java/util/IdentityHashMap$KeyIterator
Event: 75.263 loading class java/util/IdentityHashMap$IdentityHashMapIterator
Event: 75.263 loading class java/util/IdentityHashMap$IdentityHashMapIterator done
Event: 75.263 loading class java/util/IdentityHashMap$KeyIterator done
Event: 75.263 Thread 0x0000020eff668960 Thread exited: 0x0000020eff668960
Event: 90.255 Thread 0x0000020eff6454d0 Thread exited: 0x0000020eff6454d0
Event: 131.926 Thread 0x0000020eff667010 Thread exited: 0x0000020eff667010


Dynamic libraries:
0x00007ff7f2cb0000 - 0x00007ff7f2cba000 	C:\Program Files\JetBrains\IntelliJ IDEA 2023.3.4\jbr\bin\java.exe
0x00007ffdfdcf0000 - 0x00007ffdfdee8000 	C:\Windows\SYSTEM32\ntdll.dll
0x00007ffdfdbf0000 - 0x00007ffdfdcad000 	C:\Windows\System32\KERNEL32.DLL
0x00007ffdfb3b0000 - 0x00007ffdfb6a6000 	C:\Windows\System32\KERNELBASE.dll
0x00007ffdfb930000 - 0x00007ffdfba30000 	C:\Windows\System32\ucrtbase.dll
0x00007ffdee930000 - 0x00007ffdee94b000 	C:\Program Files\JetBrains\IntelliJ IDEA 2023.3.4\jbr\bin\VCRUNTIME140.dll
0x00007ffdee6e0000 - 0x00007ffdee6f7000 	C:\Program Files\JetBrains\IntelliJ IDEA 2023.3.4\jbr\bin\jli.dll
0x00007ffdfc2a0000 - 0x00007ffdfc43e000 	C:\Windows\System32\USER32.dll
0x00007ffdfbc70000 - 0x00007ffdfbc92000 	C:\Windows\System32\win32u.dll
0x00007ffde4e90000 - 0x00007ffde512a000 	C:\Windows\WinSxS\amd64_microsoft.windows.common-controls_6595b64144ccf1df_6.0.19041.3636_none_60b6a03d71f818d5\COMCTL32.dll
0x00007ffdfd590000 - 0x00007ffdfd5bb000 	C:\Windows\System32\GDI32.dll
0x00007ffdfc570000 - 0x00007ffdfc60e000 	C:\Windows\System32\msvcrt.dll
0x00007ffdfb7a0000 - 0x00007ffdfb8b7000 	C:\Windows\System32\gdi32full.dll
0x00007ffdfb700000 - 0x00007ffdfb79d000 	C:\Windows\System32\msvcp_win.dll
0x00007ffdfd470000 - 0x00007ffdfd4a2000 	C:\Windows\System32\IMM32.DLL
0x00007ffdf3900000 - 0x00007ffdf390c000 	C:\Program Files\JetBrains\IntelliJ IDEA 2023.3.4\jbr\bin\vcruntime140_1.dll
0x00007ffde7990000 - 0x00007ffde7a1d000 	C:\Program Files\JetBrains\IntelliJ IDEA 2023.3.4\jbr\bin\msvcp140.dll
0x00007ffd9a960000 - 0x00007ffd9b5e3000 	C:\Program Files\JetBrains\IntelliJ IDEA 2023.3.4\jbr\bin\server\jvm.dll
0x00007ffdfda90000 - 0x00007ffdfdb43000 	C:\Windows\System32\ADVAPI32.dll
0x00007ffdfbde0000 - 0x00007ffdfbe7f000 	C:\Windows\System32\sechost.dll
0x00007ffdfc440000 - 0x00007ffdfc566000 	C:\Windows\System32\RPCRT4.dll
0x00007ffdfbc40000 - 0x00007ffdfbc67000 	C:\Windows\System32\bcrypt.dll
0x00007ffdfa950000 - 0x00007ffdfa99b000 	C:\Windows\SYSTEM32\POWRPROF.dll
0x00007ffdf6ed0000 - 0x00007ffdf6ed9000 	C:\Windows\SYSTEM32\WSOCK32.dll
0x00007ffdfd220000 - 0x00007ffdfd28b000 	C:\Windows\System32\WS2_32.dll
0x00007ffdef610000 - 0x00007ffdef637000 	C:\Windows\SYSTEM32\WINMM.dll
0x00007ffde6ba0000 - 0x00007ffde6baa000 	C:\Windows\SYSTEM32\VERSION.dll
0x00007ffdfa7c0000 - 0x00007ffdfa7d2000 	C:\Windows\SYSTEM32\UMPDC.dll
0x00007ffdf9280000 - 0x00007ffdf9292000 	C:\Windows\SYSTEM32\kernel.appcore.dll
0x00007ffdf8b60000 - 0x00007ffdf8b6a000 	C:\Program Files\JetBrains\IntelliJ IDEA 2023.3.4\jbr\bin\jimage.dll
0x00007ffde2a80000 - 0x00007ffde2c64000 	C:\Windows\SYSTEM32\DBGHELP.DLL
0x00007ffde2590000 - 0x00007ffde25c4000 	C:\Windows\SYSTEM32\dbgcore.DLL
0x00007ffdfbca0000 - 0x00007ffdfbd22000 	C:\Windows\System32\bcryptPrimitives.dll
0x00007ffdf6820000 - 0x00007ffdf6845000 	C:\Program Files\JetBrains\IntelliJ IDEA 2023.3.4\jbr\bin\java.dll
0x00007ffdf39f0000 - 0x00007ffdf3a08000 	C:\Program Files\JetBrains\IntelliJ IDEA 2023.3.4\jbr\bin\zip.dll
0x00007ffdfcad0000 - 0x00007ffdfd215000 	C:\Windows\System32\SHELL32.dll
0x00007ffdf9480000 - 0x00007ffdf9c1c000 	C:\Windows\SYSTEM32\windows.storage.dll
0x00007ffdfbf40000 - 0x00007ffdfc294000 	C:\Windows\System32\combase.dll
0x00007ffdfade0000 - 0x00007ffdfae0e000 	C:\Windows\SYSTEM32\Wldp.dll
0x00007ffdfc630000 - 0x00007ffdfc6fd000 	C:\Windows\System32\OLEAUT32.dll
0x00007ffdfd3c0000 - 0x00007ffdfd46d000 	C:\Windows\System32\SHCORE.dll
0x00007ffdfbee0000 - 0x00007ffdfbf35000 	C:\Windows\System32\shlwapi.dll
0x00007ffdfb2e0000 - 0x00007ffdfb305000 	C:\Windows\SYSTEM32\profapi.dll
0x00007ffdf2ef0000 - 0x00007ffdf2f09000 	C:\Program Files\JetBrains\IntelliJ IDEA 2023.3.4\jbr\bin\net.dll
0x00007ffdf50a0000 - 0x00007ffdf51aa000 	C:\Windows\SYSTEM32\WINHTTP.dll
0x00007ffdfab40000 - 0x00007ffdfabaa000 	C:\Windows\system32\mswsock.dll
0x00007ffdeeae0000 - 0x00007ffdeeaf6000 	C:\Program Files\JetBrains\IntelliJ IDEA 2023.3.4\jbr\bin\nio.dll
0x00007ffdfa7e0000 - 0x00007ffdfa81b000 	C:\Windows\SYSTEM32\IPHLPAPI.DLL
0x00007ffdfdb50000 - 0x00007ffdfdb58000 	C:\Windows\System32\NSI.dll
0x00007ffdf5790000 - 0x00007ffdf57a7000 	C:\Windows\SYSTEM32\dhcpcsvc6.DLL
0x00007ffdf5770000 - 0x00007ffdf578d000 	C:\Windows\SYSTEM32\dhcpcsvc.DLL
0x00007ffdfa830000 - 0x00007ffdfa8fb000 	C:\Windows\SYSTEM32\DNSAPI.dll
0x00007ffdfad30000 - 0x00007ffdfad48000 	C:\Windows\SYSTEM32\CRYPTSP.dll
0x00007ffdfa400000 - 0x00007ffdfa434000 	C:\Windows\system32\rsaenh.dll
0x00007ffdfb2a0000 - 0x00007ffdfb2ce000 	C:\Windows\SYSTEM32\USERENV.dll
0x00007ffdfad50000 - 0x00007ffdfad5c000 	C:\Windows\SYSTEM32\CRYPTBASE.dll
0x00007ffdf16c0000 - 0x00007ffdf16c9000 	C:\Program Files\JetBrains\IntelliJ IDEA 2023.3.4\jbr\bin\extnet.dll
0x00007ffdeea40000 - 0x00007ffdeea47000 	C:\Program Files\JetBrains\IntelliJ IDEA 2023.3.4\jbr\bin\rmi.dll
0x00007ffdf1d60000 - 0x00007ffdf1d6a000 	C:\Windows\System32\rasadhlp.dll
0x00007ffdf1800000 - 0x00007ffdf1880000 	C:\Windows\System32\fwpuclnt.dll

dbghelp: loaded successfully - version: 4.0.5 - missing functions: none
symbol engine: initialized successfully - sym options: 0x614 - pdb path: .;C:\Program Files\JetBrains\IntelliJ IDEA 2023.3.4\jbr\bin;C:\Windows\SYSTEM32;C:\Windows\WinSxS\amd64_microsoft.windows.common-controls_6595b64144ccf1df_6.0.19041.3636_none_60b6a03d71f818d5;C:\Program Files\JetBrains\IntelliJ IDEA 2023.3.4\jbr\bin\server

VM Arguments:
jvm_args: -Djava.rmi.server.hostname=127.0.0.1 -Duser.timezone=UTC -Xmx2048m -Xms128m -Djdbc.classpath=C:\Program Files\JetBrains\IntelliJ IDEA 2023.3.4\plugins\DatabaseTools\lib\jdbc-console.jar;C:\Users\User\AppData\Roaming\JetBrains\IntelliJIdea2023.3\jdbc-drivers\AWS Aurora MySQL\1.1.9\software\aws\rds\aws-mysql-jdbc\1.1.9\aws-mysql-jdbc-1.1.9.jar --add-exports=java.desktop/sun.awt=ALL-UNNAMED --add-exports=java.desktop/java.awt.peer=ALL-UNNAMED --add-opens=java.desktop/java.awt=ALL-UNNAMED --add-opens=jdk.unsupported/sun.misc=ALL-UNNAMED --add-opens=java.base/java.nio=ALL-UNNAMED --add-opens=java.base/java.util=ALL-UNNAMED -Dfile.encoding=UTF-8 
java_command: com.intellij.database.remote.RemoteJdbcServer software.aws.rds.jdbc.mysql.Driver
java_class_path (initial): C:\Program Files\JetBrains\IntelliJ IDEA 2023.3.4\lib\util_rt.jar;C:\Program Files\JetBrains\IntelliJ IDEA 2023.3.4\lib\util-8.jar;C:\Program Files\JetBrains\IntelliJ IDEA 2023.3.4\lib\groovy.jar;C:\Program Files\JetBrains\IntelliJ IDEA 2023.3.4\plugins\DatabaseTools\lib\jdbc-console.jar;C:\Program Files\JetBrains\IntelliJ IDEA 2023.3.4\plugins\grid-core-impl\lib\jdbc-console-types.jar;C:\Program Files\JetBrains\IntelliJ IDEA 2023.3.4\lib\util.jar
Launcher Type: SUN_STANDARD

[Global flags]
     intx CICompilerCount                          = 4                                         {product} {ergonomic}
     uint ConcGCThreads                            = 3                                         {product} {ergonomic}
     uint G1ConcRefinementThreads                  = 10                                        {product} {ergonomic}
   size_t G1HeapRegionSize                         = 1048576                                   {product} {ergonomic}
    uintx GCDrainStackTargetSize                   = 64                                        {product} {ergonomic}
   size_t InitialHeapSize                          = 134217728                                 {product} {command line}
   size_t MarkStackSize                            = 4194304                                   {product} {ergonomic}
   size_t MaxHeapSize                              = 2147483648                                {product} {command line}
   size_t MaxNewSize                               = 1287651328                                {product} {ergonomic}
   size_t MinHeapDeltaBytes                        = 1048576                                   {product} {ergonomic}
   size_t MinHeapSize                              = 134217728                                 {product} {command line}
    uintx NonNMethodCodeHeapSize                   = 5839372                                {pd product} {ergonomic}
    uintx NonProfiledCodeHeapSize                  = 122909434                              {pd product} {ergonomic}
    uintx ProfiledCodeHeapSize                     = 122909434                              {pd product} {ergonomic}
    uintx ReservedCodeCacheSize                    = 251658240                              {pd product} {ergonomic}
     bool SegmentedCodeCache                       = true                                      {product} {ergonomic}
   size_t SoftMaxHeapSize                          = 2147483648                             {manageable} {ergonomic}
     bool UseCompressedClassPointers               = true                           {product lp64_product} {ergonomic}
     bool UseCompressedOops                        = true                           {product lp64_product} {ergonomic}
     bool UseG1GC                                  = true                                      {product} {ergonomic}
     bool UseLargePagesIndividualAllocation        = false                                  {pd product} {ergonomic}

Logging:
Log output configuration:
 #0: stdout all=warning uptime,level,tags
 #1: stderr all=off uptime,level,tags

Environment Variables:
PATH=C:\Windows\system32;C:\Windows;C:\Windows\System32\Wbem;C:\Windows\System32\WindowsPowerShell\v1.0\;C:\Windows\System32\OpenSSH\;C:\Program Files\dotnet\;C:\Program Files\Git\cmd;C:\Users\User\AppData\Local\Microsoft\WindowsApps;
USERNAME=User
OS=Windows_NT
PROCESSOR_IDENTIFIER=Intel64 Family 6 Model 151 Stepping 5, GenuineIntel
TMP=C:\Users\User\AppData\Local\Temp
TEMP=C:\Users\User\AppData\Local\Temp



Periodic native trim disabled

JNI global refs:
JNI global refs: 17, weak refs: 0

JNI global refs memory usage: 843, weak refs: 209

OOME stack traces (most recent first):
Classloader memory used:
Loader bootstrap                                                                       : 1916K
Loader com.intellij.database.remote.jdbc.impl.JdbcClassLoader$JdbcClassLoaderImpl      : 415K
Loader jdk.internal.loader.ClassLoaders$AppClassLoader                                 : 204K
Loader jdk.internal.loader.ClassLoaders$PlatformClassLoader                            : 50717B
Loader jdk.internal.reflect.DelegatingClassLoader                                      : 14810B


---------------  S Y S T E M  ---------------

OS:
 Windows 10 , 64 bit Build 19041 (10.0.19041.3636)
OS uptime: 1 days 0:59 hours

CPU: total 12 (initial active 12) (6 cores per cpu, 2 threads per core) family 6 model 151 stepping 5 microcode 0x1f, cx8, cmov, fxsr, ht, mmx, 3dnowpref, sse, sse2, sse3, ssse3, sse4.1, sse4.2, popcnt, lzcnt, tsc, tscinvbit, avx, avx2, aes, erms, clmul, bmi1, bmi2, adx, sha, fma, vzeroupper, clflush, clflushopt, clwb
Processor Information for all 12 processors :
  Max Mhz: 2500, Current Mhz: 2500, Mhz Limit: 2500

Memory: 4k page, system-wide physical 7933M (1370M free)
TotalPageFile size 12797M (AvailPageFile size 2686M)
current process WorkingSet (physical memory assigned to process): 47M, peak: 114M
current process commit charge ("private bytes"): 243M, peak: 263M

vm_info: OpenJDK 64-Bit Server VM (17.0.10+1-b1087.17) for windows-amd64 JRE (17.0.10+1-b1087.17), built on 2024-01-19 by "builduser" with MS VC++ 16.10 / 16.11 (VS2019)

END.
