#
# A fatal error has been detected by the Java Runtime Environment:
#
#  EXCEPTION_ACCESS_VIOLATION (0xc0000005) at pc=0x00007ffbe9f49287, pid=10792, tid=2692
#
# JRE version: OpenJDK Runtime Environment JBR-17.0.10+1-1087.21-jcef (17.0.10+1) (build 17.0.10+1-b1087.21)
# Java VM: OpenJDK 64-Bit Server VM JBR-17.0.10+1-1087.21-jcef (17.0.10+1-b1087.21, mixed mode, tiered, compressed oops, compressed class ptrs, g1 gc, windows-amd64)
# Problematic frame:
# V  [jvm.dll+0x2a9287]
#
# No core dump will be written. Minidumps are not enabled by default on client versions of Windows
#
# If you would like to submit a bug report, please visit:
#   https://youtrack.jetbrains.com/issues/JBR
#

---------------  S U M M A R Y ------------

Command Line: -Djava.rmi.server.hostname=127.0.0.1 -Duser.timezone=UTC -Xmx2048m -Xms128m -Djdbc.classpath=C:\Program Files\JetBrains\IntelliJ IDEA 2023.3.4\plugins\DatabaseTools\lib\jdbc-console.jar;C:\Users\User\AppData\Roaming\JetBrains\IntelliJIdea2023.3\jdbc-drivers\MySQL ConnectorJ\8.0.25\mysql\mysql-connector-java\8.0.25\mysql-connector-java-8.0.25.jar;C:\Users\User\AppData\Roaming\JetBrains\IntelliJIdea2023.3\jdbc-drivers\MySQL ConnectorJ\8.0.25\com\google\protobuf\protobuf-java\3.11.4\protobuf-java-3.11.4.jar --add-exports=java.desktop/sun.awt=ALL-UNNAMED --add-exports=java.desktop/java.awt.peer=ALL-UNNAMED --add-opens=java.desktop/java.awt=ALL-UNNAMED --add-opens=jdk.unsupported/sun.misc=ALL-UNNAMED --add-opens=java.base/java.nio=ALL-UNNAMED --add-opens=java.base/java.util=ALL-UNNAMED -Dfile.encoding=UTF-8 com.intellij.database.remote.RemoteJdbcServer com.mysql.cj.jdbc.Driver

Host: 12th Gen Intel(R) Core(TM) i5-12400, 12 cores, 7G,  Windows 10 , 64 bit Build 19041 (10.0.19041.3636)
Time: Thu Mar 14 20:09:33 2024  Windows 10 , 64 bit Build 19041 (10.0.19041.3636) elapsed time: 615.221080 seconds (0d 0h 10m 15s)

---------------  T H R E A D  ---------------

Current thread (0x0000014a49047b50):  JavaThread "C1 CompilerThread0" daemon [_thread_in_vm, id=2692, stack(0x0000000de1700000,0x0000000de1800000)]


Current CompileTask:
C1: 615221 2204   !   3       jdk.internal.loader.BuiltinClassLoader::findResource (154 bytes)

Stack: [0x0000000de1700000,0x0000000de1800000],  sp=0x0000000de17fdf70,  free space=1015k
Native frames: (J=compiled Java code, j=interpreted, Vv=VM code, C=native code)
V  [jvm.dll+0x2a9287]
V  [jvm.dll+0x7b7f73]
V  [jvm.dll+0x1c5d39]
V  [jvm.dll+0x1c5bd7]
V  [jvm.dll+0x1c57d5]
V  [jvm.dll+0x1c5630]
V  [jvm.dll+0x1c7e28]
V  [jvm.dll+0x1c54ca]
V  [jvm.dll+0x1c53c9]
V  [jvm.dll+0x1dc781]
V  [jvm.dll+0x13b78a]
V  [jvm.dll+0x142e85]
V  [jvm.dll+0x14107c]
V  [jvm.dll+0x149b7d]
V  [jvm.dll+0x1490a5]
V  [jvm.dll+0x1408d8]
V  [jvm.dll+0x142e95]
V  [jvm.dll+0x141174]
V  [jvm.dll+0x13b0bf]
V  [jvm.dll+0x14ad06]
V  [jvm.dll+0x136850]
V  [jvm.dll+0x136bb0]
V  [jvm.dll+0x136e76]
V  [jvm.dll+0x13630a]
V  [jvm.dll+0x137fc1]
V  [jvm.dll+0x22ca18]
V  [jvm.dll+0x22ab50]
V  [jvm.dll+0x7f6687]
V  [jvm.dll+0x7f0a8a]
V  [jvm.dll+0x687945]
C  [ucrtbase.dll+0x21bb2]
C  [KERNEL32.DLL+0x17344]
C  [ntdll.dll+0x526b1]


siginfo: EXCEPTION_ACCESS_VIOLATION (0xc0000005), reading address 0x0000014a40cabde0


Registers:
RAX=0x0000014a44b26330, RBX=0x0000000000000000, RCX=0x0000014a285044f0, RDX=0x00000000000000b5
RSP=0x0000000de17fdf70, RBP=0x0000014a44b8aca8, RSI=0x0000000000000000, RDI=0x0000014a40cabde0
R8 =0x0000014a44b8aca8, R9 =0x00000000a8d30406, R10=0x0000014a285044f0, R11=0x0000014a4a01a260
R12=0x00007ffbea86a930, R13=0x0000014a49047b50, R14=0x0000014a44b8aca8, R15=0x0000014a49047b50
RIP=0x00007ffbe9f49287, EFLAGS=0x0000000000010202


Register to memory mapping:

RIP=0x00007ffbe9f49287 jvm.dll
RAX=0x0000014a44b26330 points into unknown readable memory: 0x0000014a4a9375c0 | c0 75 93 4a 4a 01 00 00
RBX=0x0 is NULL
RCX=0x0000014a285044f0 points into unknown readable memory: 0x31203a73000003f1 | f1 03 00 00 73 3a 20 31
RDX=0x00000000000000b5 is an unknown value
RSP=0x0000000de17fdf70 is pointing into the stack for thread: 0x0000014a49047b50
RBP=0x0000014a44b8aca8 points into unknown readable memory: 0x616a00200406ffff | ff ff 06 04 20 00 6a 61
RSI=0x0 is NULL
RDI=0x0000014a40cabde0 is an unknown value
R8 =0x0000014a44b8aca8 points into unknown readable memory: 0x616a00200406ffff | ff ff 06 04 20 00 6a 61
R9 =0x00000000a8d30406 is an unallocated location in the heap
R10=0x0000014a285044f0 points into unknown readable memory: 0x31203a73000003f1 | f1 03 00 00 73 3a 20 31
R11=0x0000014a4a01a260 points into unknown readable memory: 0x0000014a4a01a2c0 | c0 a2 01 4a 4a 01 00 00
R12=0x00007ffbea86a930 jvm.dll
R13=0x0000014a49047b50 is a thread
R14=0x0000014a44b8aca8 points into unknown readable memory: 0x616a00200406ffff | ff ff 06 04 20 00 6a 61
R15=0x0000014a49047b50 is a thread


Top of Stack: (sp=0x0000000de17fdf70)
0x0000000de17fdf70:   0000014a49047b50 0000000000000000
0x0000000de17fdf80:   0000014a4941fd00 00007ffbea44ee5f
0x0000000de17fdf90:   0000000000000000 00007ffbea457f73
0x0000000de17fdfa0:   0000000000000000 00007ffbea3215ba
0x0000000de17fdfb0:   0000000de17fe2a8 00007ffbea2f8bef
0x0000000de17fdfc0:   0000014a49047b50 0000000de17fe230
0x0000000de17fdfd0:   0000000de17fe2a8 00007ffbea32afa9
0x0000000de17fdfe0:   0000014a49047b50 0000000de17fe230
0x0000000de17fdff0:   0000000000000000 0000000de17fe230
0x0000000de17fe000:   0000000000000000 00007ffbe9e65d39
0x0000000de17fe010:   0000000000000000 0000000000000000
0x0000000de17fe020:   0000000000000000 0000014a2a758fe0
0x0000000de17fe030:   0000000000000020 0000014a44b8ba57
0x0000000de17fe040:   0000014a4941fbf0 00007ffbe9e7d73a
0x0000000de17fe050:   0000014a44b8aca8 0000014a4a01a300
0x0000000de17fe060:   00000000a86f9750 0000000de17ff158
0x0000000de17fe070:   0000014a44b8ba50 0000014a49047b50
0x0000000de17fe080:   0000000de17fe230 0000000de17ff150
0x0000000de17fe090:   0000014a4a01aab0 0000014a4941fbf0
0x0000000de17fe0a0:   0000014a44b8aca8 00007ffbe9e65bd7
0x0000000de17fe0b0:   0000000de17ff150 0000014a4941fbf0
0x0000000de17fe0c0:   0000000de17fe2a8 0000014a4a01aad0
0x0000000de17fe0d0:   0000000de17ff100 0000000000000000
0x0000000de17fe0e0:   0000000de17fe1a9 00007ffbe9e7d73a
0x0000000de17fe0f0:   0000000000000000 00007ffbea2eb936
0x0000000de17fe100:   0000000000000000 0000000000000000
0x0000000de17fe110:   0000000de17fe230 0000000000000000
0x0000000de17fe120:   0000000000000020 0000014a4941fbf0
0x0000000de17fe130:   0000000000000032 0000000de17ff150
0x0000000de17fe140:   0000014a44cb10b0 00007ffbe9e657d5
0x0000000de17fe150:   0000000de17ff150 0000014a4941fbf0
0x0000000de17fe160:   0000014a4a01aab0 0000014a4a01aab0 

Instructions: (pc=0x00007ffbe9f49287)
0x00007ffbe9f49187:   c1 08 44 89 44 24 20 48 89 4c 24 40 44 3b 02 0f
0x00007ffbe9f49197:   8c 04 fe ff ff 4c 8b bc 24 00 01 00 00 4c 8b b4
0x00007ffbe9f491a7:   24 08 01 00 00 4c 8b ac 24 10 01 00 00 4c 8b a4
0x00007ffbe9f491b7:   24 18 01 00 00 48 8b bc 24 20 01 00 00 48 8b ac
0x00007ffbe9f491c7:   24 28 01 00 00 48 8b 9c 24 50 01 00 00 48 8b 8c
0x00007ffbe9f491d7:   24 f0 00 00 00 48 33 cc e8 2c 4b 5f 00 48 81 c4
0x00007ffbe9f491e7:   30 01 00 00 5e c3 cc cc cc 48 89 5c 24 08 57 48
0x00007ffbe9f491f7:   83 ec 20 48 8b d9 48 8b fa 48 8b 49 10 48 8b 01
0x00007ffbe9f49207:   ff 90 e8 00 00 00 48 3b f8 74 31 48 8b 5b 18 48
0x00007ffbe9f49217:   85 db 74 1b 0f 1f 44 00 00 48 8b cb e8 b8 bc 40
0x00007ffbe9f49227:   00 48 3b c7 74 16 48 8b 5b 08 48 85 db 75 ea 32
0x00007ffbe9f49237:   c0 48 8b 5c 24 30 48 83 c4 20 5f c3 48 8b 5c 24
0x00007ffbe9f49247:   30 b0 01 48 83 c4 20 5f c3 0f b6 05 51 90 8e 00
0x00007ffbe9f49257:   c3 cc cc cc cc cc cc cc cc 48 89 5c 24 08 57 48
0x00007ffbe9f49267:   83 ec 20 49 8b d9 44 8b ca 41 8b c1 33 d2 f7 31
0x00007ffbe9f49277:   48 8b 41 08 48 63 fa 48 8b 3c f8 48 85 ff 74 18
0x00007ffbe9f49287:   44 39 0f 75 0a 48 8b 47 10 4c 39 40 18 74 16 48
0x00007ffbe9f49297:   8b 7f 08 48 85 ff 75 e8 33 c0 48 8b 5c 24 30 48
0x00007ffbe9f492a7:   83 c4 20 5f c3 48 85 db 74 1e 48 83 3b 00 74 18
0x00007ffbe9f492b7:   e8 84 7c 0e 00 84 c0 74 0f 48 8b 13 48 8b cf e8
0x00007ffbe9f492c7:   25 ff ff ff 84 c0 74 d0 48 8b 47 10 48 85 c0 74
0x00007ffbe9f492d7:   c9 80 b8 dc 00 00 00 00 74 c0 48 8b 80 c8 00 00
0x00007ffbe9f492e7:   00 48 8b 5c 24 30 48 83 c4 20 5f c3 cc cc cc cc
0x00007ffbe9f492f7:   cc cc cc cc cc cc cc cc cc 44 8b d2 33 d2 41 8b
0x00007ffbe9f49307:   c2 f7 31 48 8b 41 08 4c 63 ca 4a 8b 04 c8 48 85
0x00007ffbe9f49317:   c0 74 2b 44 39 10 75 0a 48 8b 48 10 4c 39 41 18
0x00007ffbe9f49327:   74 06 48 8b 40 08 eb e6 48 85 c9 74 13 80 b9 dc
0x00007ffbe9f49337:   00 00 00 00 74 0a 48 8b 81 c8 00 00 00 c3 33 c9
0x00007ffbe9f49347:   48 8b c1 c3 cc cc cc cc cc 48 8b 41 08 48 63 d2
0x00007ffbe9f49357:   48 8b 04 d0 48 85 c0 74 1f 48 8b 4c 24 28 44 39
0x00007ffbe9f49367:   00 75 0c 4c 39 48 10 75 06 48 39 48 18 74 0b 48
0x00007ffbe9f49377:   8b 40 08 48 85 c0 75 e6 33 c0 c3 cc cc cc cc cc 


Stack slot to memory mapping:
stack at sp + 0 slots: 0x0000014a49047b50 is a thread
stack at sp + 1 slots: 0x0 is NULL
stack at sp + 2 slots: 0x0000014a4941fd00 points into unknown readable memory: 0x00007ffbea5e0290 | 90 02 5e ea fb 7f 00 00
stack at sp + 3 slots: 0x00007ffbea44ee5f jvm.dll
stack at sp + 4 slots: 0x0 is NULL
stack at sp + 5 slots: 0x00007ffbea457f73 jvm.dll
stack at sp + 6 slots: 0x0 is NULL
stack at sp + 7 slots: 0x00007ffbea3215ba jvm.dll


---------------  P R O C E S S  ---------------

Threads class SMR info:
_java_thread_list=0x0000014a4a92b780, length=21, elements={
0x0000014a2a75d420, 0x0000014a44caf540, 0x0000014a49026020, 0x0000014a44cc2200,
0x0000014a4904ca00, 0x0000014a4904d2d0, 0x0000014a4904dba0, 0x0000014a49042a40,
0x0000014a49047b50, 0x0000014a49048460, 0x0000014a4920d020, 0x0000014a4921f010,
0x0000014a49390020, 0x0000014a49542360, 0x0000014a4933e740, 0x0000014a49533840,
0x0000014a49533d20, 0x0000014a497e5d00, 0x0000014a494dc9f0, 0x0000014a494dd410,
0x0000014a494ded60
}

Java Threads: ( => current thread )
  0x0000014a2a75d420 JavaThread "main" [_thread_blocked, id=7152, stack(0x0000000de0900000,0x0000000de0a00000)]
  0x0000014a44caf540 JavaThread "Reference Handler" daemon [_thread_blocked, id=2052, stack(0x0000000de1000000,0x0000000de1100000)]
  0x0000014a49026020 JavaThread "Finalizer" daemon [_thread_blocked, id=8364, stack(0x0000000de1100000,0x0000000de1200000)]
  0x0000014a44cc2200 JavaThread "Signal Dispatcher" daemon [_thread_blocked, id=10604, stack(0x0000000de1200000,0x0000000de1300000)]
  0x0000014a4904ca00 JavaThread "Attach Listener" daemon [_thread_blocked, id=6620, stack(0x0000000de1300000,0x0000000de1400000)]
  0x0000014a4904d2d0 JavaThread "Service Thread" daemon [_thread_blocked, id=11804, stack(0x0000000de1400000,0x0000000de1500000)]
  0x0000014a4904dba0 JavaThread "Monitor Deflation Thread" daemon [_thread_blocked, id=8796, stack(0x0000000de1500000,0x0000000de1600000)]
  0x0000014a49042a40 JavaThread "C2 CompilerThread0" daemon [_thread_blocked, id=8468, stack(0x0000000de1600000,0x0000000de1700000)]
=>0x0000014a49047b50 JavaThread "C1 CompilerThread0" daemon [_thread_in_vm, id=2692, stack(0x0000000de1700000,0x0000000de1800000)]
  0x0000014a49048460 JavaThread "Sweeper thread" daemon [_thread_blocked, id=11900, stack(0x0000000de1800000,0x0000000de1900000)]
  0x0000014a4920d020 JavaThread "Common-Cleaner" daemon [_thread_blocked, id=5968, stack(0x0000000de1900000,0x0000000de1a00000)]
  0x0000014a4921f010 JavaThread "Notification Thread" daemon [_thread_blocked, id=14192, stack(0x0000000de1a00000,0x0000000de1b00000)]
  0x0000014a49390020 JavaThread "mysql-cj-abandoned-connection-cleanup" daemon [_thread_blocked, id=12080, stack(0x0000000de1d00000,0x0000000de1e00000)]
  0x0000014a49542360 JavaThread "RMI TCP Accept-20570" daemon [_thread_in_native, id=8492, stack(0x0000000de1e00000,0x0000000de1f00000)]
  0x0000014a4933e740 JavaThread "RMI TCP Accept-0" daemon [_thread_in_native, id=5224, stack(0x0000000de1f00000,0x0000000de2000000)]
  0x0000014a49533840 JavaThread "RMI Reaper" [_thread_blocked, id=3936, stack(0x0000000de2000000,0x0000000de2100000)]
  0x0000014a49533d20 JavaThread "RMI GC Daemon" daemon [_thread_blocked, id=10700, stack(0x0000000de2100000,0x0000000de2200000)]
  0x0000014a497e5d00 JavaThread "RMI TCP Connection(2)-127.0.0.1" daemon [_thread_in_native, id=13452, stack(0x0000000de2300000,0x0000000de2400000)]
  0x0000014a494dc9f0 JavaThread "RMI Scheduler(0)" daemon [_thread_blocked, id=6000, stack(0x0000000de2400000,0x0000000de2500000)]
  0x0000014a494dd410 JavaThread "RMI TCP Connection(4)-127.0.0.1" daemon [_thread_in_native, id=12024, stack(0x0000000de2600000,0x0000000de2700000)]
  0x0000014a494ded60 JavaThread "RMI RenewClean-[127.0.0.1:50388]" daemon [_thread_blocked, id=8376, stack(0x0000000de2700000,0x0000000de2800000)]

Other Threads:
  0x0000014a44c627d0 VMThread "VM Thread" [stack: 0x0000000de0f00000,0x0000000de1000000] [id=1900]
  0x0000014a49223910 WatcherThread [stack: 0x0000000de1b00000,0x0000000de1c00000] [id=1924]
  0x0000014a2a7bbaf0 GCTaskThread "GC Thread#0" [stack: 0x0000000de0a00000,0x0000000de0b00000] [id=6456]
  0x0000014a4a291df0 GCTaskThread "GC Thread#1" [stack: 0x0000000de2800000,0x0000000de2900000] [id=6236]
  0x0000014a4a292e70 GCTaskThread "GC Thread#2" [stack: 0x0000000de2900000,0x0000000de2a00000] [id=7664]
  0x0000014a4a291870 GCTaskThread "GC Thread#3" [stack: 0x0000000de2a00000,0x0000000de2b00000] [id=1036]
  0x0000014a4a291b30 GCTaskThread "GC Thread#4" [stack: 0x0000000de2b00000,0x0000000de2c00000] [id=8764]
  0x0000014a4a292370 GCTaskThread "GC Thread#5" [stack: 0x0000000de2c00000,0x0000000de2d00000] [id=12860]
  0x0000014a4a2920b0 GCTaskThread "GC Thread#6" [stack: 0x0000000de2d00000,0x0000000de2e00000] [id=6904]
  0x0000014a4a2915b0 GCTaskThread "GC Thread#7" [stack: 0x0000000de2e00000,0x0000000de2f00000] [id=7028]
  0x0000014a4a292630 GCTaskThread "GC Thread#8" [stack: 0x0000000de2f00000,0x0000000de3000000] [id=1628]
  0x0000014a4a2928f0 GCTaskThread "GC Thread#9" [stack: 0x0000000de3000000,0x0000000de3100000] [id=7916]
  0x0000014a2a7cc950 ConcurrentGCThread "G1 Main Marker" [stack: 0x0000000de0b00000,0x0000000de0c00000] [id=6024]
  0x0000014a2a7cda20 ConcurrentGCThread "G1 Conc#0" [stack: 0x0000000de0c00000,0x0000000de0d00000] [id=10852]
  0x0000014a4a292bb0 ConcurrentGCThread "G1 Conc#1" [stack: 0x0000000de3200000,0x0000000de3300000] [id=3944]
  0x0000014a4a293130 ConcurrentGCThread "G1 Conc#2" [stack: 0x0000000de3300000,0x0000000de3400000] [id=9636]
  0x0000014a44b140e0 ConcurrentGCThread "G1 Refine#0" [stack: 0x0000000de0d00000,0x0000000de0e00000] [id=2744]
  0x0000014a499c3bc0 ConcurrentGCThread "G1 Refine#1" [stack: 0x0000000de3100000,0x0000000de3200000] [id=5744]
  0x0000014a44b14a20 ConcurrentGCThread "G1 Service" [stack: 0x0000000de0e00000,0x0000000de0f00000] [id=1508]

Threads with active compile tasks:
C1 CompilerThread0   615235 2204   !   3       jdk.internal.loader.BuiltinClassLoader::findResource (154 bytes)

VM state: not at safepoint (normal execution)

VM Mutex/Monitor currently owned by a thread:  ([mutex/lock_event])
[0x0000014a2a758fe0] Compile_lock - owner thread: 0x0000014a49047b50

Heap address: 0x0000000080000000, size: 2048 MB, Compressed Oops mode: 32-bit

CDS archive(s) not mapped
Compressed class space mapped at: 0x0000000100000000-0x0000000140000000, reserved size: 1073741824
Narrow klass base: 0x0000000000000000, Narrow klass shift: 3, Narrow klass range: 0x140000000

GC Precious Log:
 CPUs: 12 total, 12 available
 Memory: 7933M
 Large Page Support: Disabled
 NUMA Support: Disabled
 Compressed Oops: Enabled (32-bit)
 Heap Region Size: 1M
 Heap Min Capacity: 128M
 Heap Initial Capacity: 128M
 Heap Max Capacity: 2G
 Pre-touch: Disabled
 Parallel Workers: 10
 Concurrent Workers: 3
 Concurrent Refinement Workers: 10
 Periodic GC: Disabled

Heap:
 garbage-first heap   total 131072K, used 25406K [0x0000000080000000, 0x0000000100000000)
  region size 1024K, 18 young (18432K), 1 survivors (1024K)
 Metaspace       used 23919K, committed 24256K, reserved 1114112K
  class space    used 2517K, committed 2688K, reserved 1048576K

Heap Regions: E=young(eden), S=young(survivor), O=old, HS=humongous(starts), HC=humongous(continues), CS=collection set, F=free, OA=open archive, CA=closed archive, TAMS=top-at-mark-start (previous, next)
|   0|0x0000000080000000, 0x0000000080100000, 0x0000000080100000|100%|HS|  |TAMS 0x0000000080100000, 0x0000000080000000| Complete 
|   1|0x0000000080100000, 0x0000000080200000, 0x0000000080200000|100%|HC|  |TAMS 0x0000000080200000, 0x0000000080100000| Complete 
|   2|0x0000000080200000, 0x0000000080300000, 0x0000000080300000|100%|HC|  |TAMS 0x0000000080300000, 0x0000000080200000| Complete 
|   3|0x0000000080300000, 0x0000000080400000, 0x0000000080400000|100%| O|  |TAMS 0x0000000080400000, 0x0000000080300000| Untracked 
|   4|0x0000000080400000, 0x0000000080500000, 0x0000000080500000|100%| O|  |TAMS 0x0000000080500000, 0x0000000080400000| Untracked 
|   5|0x0000000080500000, 0x0000000080600000, 0x0000000080600000|100%| O|  |TAMS 0x0000000080550000, 0x0000000080500000| Untracked 
|   6|0x0000000080600000, 0x0000000080700000, 0x0000000080700000|100%| O|  |TAMS 0x0000000080600000, 0x0000000080600000| Untracked 
|   7|0x0000000080700000, 0x0000000080800000, 0x0000000080800000|100%| O|  |TAMS 0x0000000080700000, 0x0000000080700000| Untracked 
|   8|0x0000000080800000, 0x000000008087c000, 0x0000000080900000| 48%| O|  |TAMS 0x0000000080800000, 0x0000000080800000| Untracked 
|   9|0x0000000080900000, 0x0000000080900000, 0x0000000080a00000|  0%| F|  |TAMS 0x0000000080900000, 0x0000000080900000| Untracked 
|  10|0x0000000080a00000, 0x0000000080a00000, 0x0000000080b00000|  0%| F|  |TAMS 0x0000000080a00000, 0x0000000080a00000| Untracked 
|  11|0x0000000080b00000, 0x0000000080b00000, 0x0000000080c00000|  0%| F|  |TAMS 0x0000000080b00000, 0x0000000080b00000| Untracked 
|  12|0x0000000080c00000, 0x0000000080c00000, 0x0000000080d00000|  0%| F|  |TAMS 0x0000000080c00000, 0x0000000080c00000| Untracked 
|  13|0x0000000080d00000, 0x0000000080d00000, 0x0000000080e00000|  0%| F|  |TAMS 0x0000000080d00000, 0x0000000080d00000| Untracked 
|  14|0x0000000080e00000, 0x0000000080e00000, 0x0000000080f00000|  0%| F|  |TAMS 0x0000000080e00000, 0x0000000080e00000| Untracked 
|  15|0x0000000080f00000, 0x0000000080f00000, 0x0000000081000000|  0%| F|  |TAMS 0x0000000080f00000, 0x0000000080f00000| Untracked 
|  16|0x0000000081000000, 0x0000000081000000, 0x0000000081100000|  0%| F|  |TAMS 0x0000000081000000, 0x0000000081000000| Untracked 
|  17|0x0000000081100000, 0x0000000081100000, 0x0000000081200000|  0%| F|  |TAMS 0x0000000081100000, 0x0000000081100000| Untracked 
|  18|0x0000000081200000, 0x0000000081200000, 0x0000000081300000|  0%| F|  |TAMS 0x0000000081200000, 0x0000000081200000| Untracked 
|  19|0x0000000081300000, 0x0000000081300000, 0x0000000081400000|  0%| F|  |TAMS 0x0000000081300000, 0x0000000081300000| Untracked 
|  20|0x0000000081400000, 0x0000000081400000, 0x0000000081500000|  0%| F|  |TAMS 0x0000000081400000, 0x0000000081400000| Untracked 
|  21|0x0000000081500000, 0x0000000081500000, 0x0000000081600000|  0%| F|  |TAMS 0x0000000081500000, 0x0000000081500000| Untracked 
|  22|0x0000000081600000, 0x0000000081600000, 0x0000000081700000|  0%| F|  |TAMS 0x0000000081600000, 0x0000000081600000| Untracked 
|  23|0x0000000081700000, 0x0000000081700000, 0x0000000081800000|  0%| F|  |TAMS 0x0000000081700000, 0x0000000081700000| Untracked 
|  24|0x0000000081800000, 0x0000000081800000, 0x0000000081900000|  0%| F|  |TAMS 0x0000000081800000, 0x0000000081800000| Untracked 
|  25|0x0000000081900000, 0x0000000081900000, 0x0000000081a00000|  0%| F|  |TAMS 0x0000000081900000, 0x0000000081900000| Untracked 
|  26|0x0000000081a00000, 0x0000000081a00000, 0x0000000081b00000|  0%| F|  |TAMS 0x0000000081a00000, 0x0000000081a00000| Untracked 
|  27|0x0000000081b00000, 0x0000000081b00000, 0x0000000081c00000|  0%| F|  |TAMS 0x0000000081b00000, 0x0000000081b00000| Untracked 
|  28|0x0000000081c00000, 0x0000000081c00000, 0x0000000081d00000|  0%| F|  |TAMS 0x0000000081c00000, 0x0000000081c00000| Untracked 
|  29|0x0000000081d00000, 0x0000000081d00000, 0x0000000081e00000|  0%| F|  |TAMS 0x0000000081d00000, 0x0000000081d00000| Untracked 
|  30|0x0000000081e00000, 0x0000000081e00000, 0x0000000081f00000|  0%| F|  |TAMS 0x0000000081e00000, 0x0000000081e00000| Untracked 
|  31|0x0000000081f00000, 0x0000000081f00000, 0x0000000082000000|  0%| F|  |TAMS 0x0000000081f00000, 0x0000000081f00000| Untracked 
|  32|0x0000000082000000, 0x0000000082000000, 0x0000000082100000|  0%| F|  |TAMS 0x0000000082000000, 0x0000000082000000| Untracked 
|  33|0x0000000082100000, 0x0000000082100000, 0x0000000082200000|  0%| F|  |TAMS 0x0000000082100000, 0x0000000082100000| Untracked 
|  34|0x0000000082200000, 0x0000000082200000, 0x0000000082300000|  0%| F|  |TAMS 0x0000000082200000, 0x0000000082200000| Untracked 
|  35|0x0000000082300000, 0x0000000082300000, 0x0000000082400000|  0%| F|  |TAMS 0x0000000082300000, 0x0000000082300000| Untracked 
|  36|0x0000000082400000, 0x0000000082400000, 0x0000000082500000|  0%| F|  |TAMS 0x0000000082400000, 0x0000000082400000| Untracked 
|  37|0x0000000082500000, 0x0000000082500000, 0x0000000082600000|  0%| F|  |TAMS 0x0000000082500000, 0x0000000082500000| Untracked 
|  38|0x0000000082600000, 0x0000000082600000, 0x0000000082700000|  0%| F|  |TAMS 0x0000000082600000, 0x0000000082600000| Untracked 
|  39|0x0000000082700000, 0x0000000082700000, 0x0000000082800000|  0%| F|  |TAMS 0x0000000082700000, 0x0000000082700000| Untracked 
|  40|0x0000000082800000, 0x0000000082800000, 0x0000000082900000|  0%| F|  |TAMS 0x0000000082800000, 0x0000000082800000| Untracked 
|  41|0x0000000082900000, 0x0000000082900000, 0x0000000082a00000|  0%| F|  |TAMS 0x0000000082900000, 0x0000000082900000| Untracked 
|  42|0x0000000082a00000, 0x0000000082a00000, 0x0000000082b00000|  0%| F|  |TAMS 0x0000000082a00000, 0x0000000082a00000| Untracked 
|  43|0x0000000082b00000, 0x0000000082b00000, 0x0000000082c00000|  0%| F|  |TAMS 0x0000000082b00000, 0x0000000082b00000| Untracked 
|  44|0x0000000082c00000, 0x0000000082c00000, 0x0000000082d00000|  0%| F|  |TAMS 0x0000000082c00000, 0x0000000082c00000| Untracked 
|  45|0x0000000082d00000, 0x0000000082d00000, 0x0000000082e00000|  0%| F|  |TAMS 0x0000000082d00000, 0x0000000082d00000| Untracked 
|  46|0x0000000082e00000, 0x0000000082e00000, 0x0000000082f00000|  0%| F|  |TAMS 0x0000000082e00000, 0x0000000082e00000| Untracked 
|  47|0x0000000082f00000, 0x0000000082f00000, 0x0000000083000000|  0%| F|  |TAMS 0x0000000082f00000, 0x0000000082f00000| Untracked 
|  48|0x0000000083000000, 0x0000000083000000, 0x0000000083100000|  0%| F|  |TAMS 0x0000000083000000, 0x0000000083000000| Untracked 
|  49|0x0000000083100000, 0x0000000083100000, 0x0000000083200000|  0%| F|  |TAMS 0x0000000083100000, 0x0000000083100000| Untracked 
|  50|0x0000000083200000, 0x0000000083200000, 0x0000000083300000|  0%| F|  |TAMS 0x0000000083200000, 0x0000000083200000| Untracked 
|  51|0x0000000083300000, 0x0000000083300000, 0x0000000083400000|  0%| F|  |TAMS 0x0000000083300000, 0x0000000083300000| Untracked 
|  52|0x0000000083400000, 0x0000000083400000, 0x0000000083500000|  0%| F|  |TAMS 0x0000000083400000, 0x0000000083400000| Untracked 
|  53|0x0000000083500000, 0x0000000083500000, 0x0000000083600000|  0%| F|  |TAMS 0x0000000083500000, 0x0000000083500000| Untracked 
|  54|0x0000000083600000, 0x0000000083600000, 0x0000000083700000|  0%| F|  |TAMS 0x0000000083600000, 0x0000000083600000| Untracked 
|  55|0x0000000083700000, 0x0000000083700000, 0x0000000083800000|  0%| F|  |TAMS 0x0000000083700000, 0x0000000083700000| Untracked 
|  56|0x0000000083800000, 0x0000000083800000, 0x0000000083900000|  0%| F|  |TAMS 0x0000000083800000, 0x0000000083800000| Untracked 
|  57|0x0000000083900000, 0x0000000083900000, 0x0000000083a00000|  0%| F|  |TAMS 0x0000000083900000, 0x0000000083900000| Untracked 
|  58|0x0000000083a00000, 0x0000000083a00000, 0x0000000083b00000|  0%| F|  |TAMS 0x0000000083a00000, 0x0000000083a00000| Untracked 
|  59|0x0000000083b00000, 0x0000000083b00000, 0x0000000083c00000|  0%| F|  |TAMS 0x0000000083b00000, 0x0000000083b00000| Untracked 
|  60|0x0000000083c00000, 0x0000000083c00000, 0x0000000083d00000|  0%| F|  |TAMS 0x0000000083c00000, 0x0000000083c00000| Untracked 
|  61|0x0000000083d00000, 0x0000000083d00000, 0x0000000083e00000|  0%| F|  |TAMS 0x0000000083d00000, 0x0000000083d00000| Untracked 
|  62|0x0000000083e00000, 0x0000000083e00000, 0x0000000083f00000|  0%| F|  |TAMS 0x0000000083e00000, 0x0000000083e00000| Untracked 
|  63|0x0000000083f00000, 0x0000000083f00000, 0x0000000084000000|  0%| F|  |TAMS 0x0000000083f00000, 0x0000000083f00000| Untracked 
|  64|0x0000000084000000, 0x0000000084000000, 0x0000000084100000|  0%| F|  |TAMS 0x0000000084000000, 0x0000000084000000| Untracked 
|  65|0x0000000084100000, 0x0000000084100000, 0x0000000084200000|  0%| F|  |TAMS 0x0000000084100000, 0x0000000084100000| Untracked 
|  66|0x0000000084200000, 0x0000000084200000, 0x0000000084300000|  0%| F|  |TAMS 0x0000000084200000, 0x0000000084200000| Untracked 
|  67|0x0000000084300000, 0x0000000084300000, 0x0000000084400000|  0%| F|  |TAMS 0x0000000084300000, 0x0000000084300000| Untracked 
|  68|0x0000000084400000, 0x0000000084400000, 0x0000000084500000|  0%| F|  |TAMS 0x0000000084400000, 0x0000000084400000| Untracked 
|  69|0x0000000084500000, 0x0000000084500000, 0x0000000084600000|  0%| F|  |TAMS 0x0000000084500000, 0x0000000084500000| Untracked 
|  70|0x0000000084600000, 0x0000000084600000, 0x0000000084700000|  0%| F|  |TAMS 0x0000000084600000, 0x0000000084600000| Untracked 
|  71|0x0000000084700000, 0x0000000084700000, 0x0000000084800000|  0%| F|  |TAMS 0x0000000084700000, 0x0000000084700000| Untracked 
|  72|0x0000000084800000, 0x0000000084800000, 0x0000000084900000|  0%| F|  |TAMS 0x0000000084800000, 0x0000000084800000| Untracked 
|  73|0x0000000084900000, 0x0000000084900000, 0x0000000084a00000|  0%| F|  |TAMS 0x0000000084900000, 0x0000000084900000| Untracked 
|  74|0x0000000084a00000, 0x0000000084a00000, 0x0000000084b00000|  0%| F|  |TAMS 0x0000000084a00000, 0x0000000084a00000| Untracked 
|  75|0x0000000084b00000, 0x0000000084b00000, 0x0000000084c00000|  0%| F|  |TAMS 0x0000000084b00000, 0x0000000084b00000| Untracked 
|  76|0x0000000084c00000, 0x0000000084c00000, 0x0000000084d00000|  0%| F|  |TAMS 0x0000000084c00000, 0x0000000084c00000| Untracked 
|  77|0x0000000084d00000, 0x0000000084d00000, 0x0000000084e00000|  0%| F|  |TAMS 0x0000000084d00000, 0x0000000084d00000| Untracked 
|  78|0x0000000084e00000, 0x0000000084e00000, 0x0000000084f00000|  0%| F|  |TAMS 0x0000000084e00000, 0x0000000084e00000| Untracked 
|  79|0x0000000084f00000, 0x0000000084f00000, 0x0000000085000000|  0%| F|  |TAMS 0x0000000084f00000, 0x0000000084f00000| Untracked 
|  80|0x0000000085000000, 0x0000000085000000, 0x0000000085100000|  0%| F|  |TAMS 0x0000000085000000, 0x0000000085000000| Untracked 
|  81|0x0000000085100000, 0x0000000085100000, 0x0000000085200000|  0%| F|  |TAMS 0x0000000085100000, 0x0000000085100000| Untracked 
|  82|0x0000000085200000, 0x0000000085200000, 0x0000000085300000|  0%| F|  |TAMS 0x0000000085200000, 0x0000000085200000| Untracked 
|  83|0x0000000085300000, 0x0000000085300000, 0x0000000085400000|  0%| F|  |TAMS 0x0000000085300000, 0x0000000085300000| Untracked 
|  84|0x0000000085400000, 0x0000000085400000, 0x0000000085500000|  0%| F|  |TAMS 0x0000000085400000, 0x0000000085400000| Untracked 
|  85|0x0000000085500000, 0x0000000085500000, 0x0000000085600000|  0%| F|  |TAMS 0x0000000085500000, 0x0000000085500000| Untracked 
|  86|0x0000000085600000, 0x0000000085600000, 0x0000000085700000|  0%| F|  |TAMS 0x0000000085600000, 0x0000000085600000| Untracked 
|  87|0x0000000085700000, 0x0000000085700000, 0x0000000085800000|  0%| F|  |TAMS 0x0000000085700000, 0x0000000085700000| Untracked 
|  88|0x0000000085800000, 0x0000000085800000, 0x0000000085900000|  0%| F|  |TAMS 0x0000000085800000, 0x0000000085800000| Untracked 
|  89|0x0000000085900000, 0x0000000085900000, 0x0000000085a00000|  0%| F|  |TAMS 0x0000000085900000, 0x0000000085900000| Untracked 
|  90|0x0000000085a00000, 0x0000000085a00000, 0x0000000085b00000|  0%| F|  |TAMS 0x0000000085a00000, 0x0000000085a00000| Untracked 
|  91|0x0000000085b00000, 0x0000000085b00000, 0x0000000085c00000|  0%| F|  |TAMS 0x0000000085b00000, 0x0000000085b00000| Untracked 
|  92|0x0000000085c00000, 0x0000000085c00000, 0x0000000085d00000|  0%| F|  |TAMS 0x0000000085c00000, 0x0000000085c00000| Untracked 
|  93|0x0000000085d00000, 0x0000000085d00000, 0x0000000085e00000|  0%| F|  |TAMS 0x0000000085d00000, 0x0000000085d00000| Untracked 
|  94|0x0000000085e00000, 0x0000000085e00000, 0x0000000085f00000|  0%| F|  |TAMS 0x0000000085e00000, 0x0000000085e00000| Untracked 
|  95|0x0000000085f00000, 0x0000000085f00000, 0x0000000086000000|  0%| F|  |TAMS 0x0000000085f00000, 0x0000000085f00000| Untracked 
|  96|0x0000000086000000, 0x0000000086000000, 0x0000000086100000|  0%| F|  |TAMS 0x0000000086000000, 0x0000000086000000| Untracked 
|  97|0x0000000086100000, 0x0000000086100000, 0x0000000086200000|  0%| F|  |TAMS 0x0000000086100000, 0x0000000086100000| Untracked 
|  98|0x0000000086200000, 0x0000000086200000, 0x0000000086300000|  0%| F|  |TAMS 0x0000000086200000, 0x0000000086200000| Untracked 
|  99|0x0000000086300000, 0x0000000086300000, 0x0000000086400000|  0%| F|  |TAMS 0x0000000086300000, 0x0000000086300000| Untracked 
| 100|0x0000000086400000, 0x0000000086400000, 0x0000000086500000|  0%| F|  |TAMS 0x0000000086400000, 0x0000000086400000| Untracked 
| 101|0x0000000086500000, 0x0000000086500000, 0x0000000086600000|  0%| F|  |TAMS 0x0000000086500000, 0x0000000086500000| Untracked 
| 102|0x0000000086600000, 0x0000000086600000, 0x0000000086700000|  0%| F|  |TAMS 0x0000000086600000, 0x0000000086600000| Untracked 
| 103|0x0000000086700000, 0x0000000086700000, 0x0000000086800000|  0%| F|  |TAMS 0x0000000086700000, 0x0000000086700000| Untracked 
| 104|0x0000000086800000, 0x0000000086800000, 0x0000000086900000|  0%| F|  |TAMS 0x0000000086800000, 0x0000000086800000| Untracked 
| 105|0x0000000086900000, 0x0000000086900000, 0x0000000086a00000|  0%| F|  |TAMS 0x0000000086900000, 0x0000000086900000| Untracked 
| 106|0x0000000086a00000, 0x0000000086a00000, 0x0000000086b00000|  0%| F|  |TAMS 0x0000000086a00000, 0x0000000086a00000| Untracked 
| 107|0x0000000086b00000, 0x0000000086b00000, 0x0000000086c00000|  0%| F|  |TAMS 0x0000000086b00000, 0x0000000086b00000| Untracked 
| 108|0x0000000086c00000, 0x0000000086c00000, 0x0000000086d00000|  0%| F|  |TAMS 0x0000000086c00000, 0x0000000086c00000| Untracked 
| 109|0x0000000086d00000, 0x0000000086d00000, 0x0000000086e00000|  0%| F|  |TAMS 0x0000000086d00000, 0x0000000086d00000| Untracked 
| 110|0x0000000086e00000, 0x0000000086f00000, 0x0000000086f00000|100%| E|  |TAMS 0x0000000086e00000, 0x0000000086e00000| Complete 
| 111|0x0000000086f00000, 0x0000000087000000, 0x0000000087000000|100%| E|CS|TAMS 0x0000000086f00000, 0x0000000086f00000| Complete 
| 112|0x0000000087000000, 0x0000000087100000, 0x0000000087100000|100%| E|CS|TAMS 0x0000000087000000, 0x0000000087000000| Complete 
| 113|0x0000000087100000, 0x0000000087200000, 0x0000000087200000|100%| E|CS|TAMS 0x0000000087100000, 0x0000000087100000| Complete 
| 114|0x0000000087200000, 0x0000000087300000, 0x0000000087300000|100%| E|CS|TAMS 0x0000000087200000, 0x0000000087200000| Complete 
| 115|0x0000000087300000, 0x0000000087400000, 0x0000000087400000|100%| E|CS|TAMS 0x0000000087300000, 0x0000000087300000| Complete 
| 116|0x0000000087400000, 0x0000000087500000, 0x0000000087500000|100%| E|CS|TAMS 0x0000000087400000, 0x0000000087400000| Complete 
| 117|0x0000000087500000, 0x0000000087600000, 0x0000000087600000|100%| E|CS|TAMS 0x0000000087500000, 0x0000000087500000| Complete 
| 118|0x0000000087600000, 0x0000000087700000, 0x0000000087700000|100%| E|CS|TAMS 0x0000000087600000, 0x0000000087600000| Complete 
| 119|0x0000000087700000, 0x0000000087800000, 0x0000000087800000|100%| E|CS|TAMS 0x0000000087700000, 0x0000000087700000| Complete 
| 120|0x0000000087800000, 0x0000000087900000, 0x0000000087900000|100%| E|CS|TAMS 0x0000000087800000, 0x0000000087800000| Complete 
| 121|0x0000000087900000, 0x0000000087a00000, 0x0000000087a00000|100%| E|CS|TAMS 0x0000000087900000, 0x0000000087900000| Complete 
| 122|0x0000000087a00000, 0x0000000087b00000, 0x0000000087b00000|100%| E|CS|TAMS 0x0000000087a00000, 0x0000000087a00000| Complete 
| 123|0x0000000087b00000, 0x0000000087c00000, 0x0000000087c00000|100%| E|CS|TAMS 0x0000000087b00000, 0x0000000087b00000| Complete 
| 124|0x0000000087c00000, 0x0000000087d00000, 0x0000000087d00000|100%| E|CS|TAMS 0x0000000087c00000, 0x0000000087c00000| Complete 
| 125|0x0000000087d00000, 0x0000000087e00000, 0x0000000087e00000|100%| E|CS|TAMS 0x0000000087d00000, 0x0000000087d00000| Complete 
| 126|0x0000000087e00000, 0x0000000087e53a20, 0x0000000087f00000| 32%| S|CS|TAMS 0x0000000087e00000, 0x0000000087e00000| Complete 
| 127|0x0000000087f00000, 0x0000000088000000, 0x0000000088000000|100%| E|CS|TAMS 0x0000000087f00000, 0x0000000087f00000| Complete 

Card table byte_map: [0x0000014a3d830000,0x0000014a3dc30000] _byte_map_base: 0x0000014a3d430000

Marking Bits (Prev, Next): (CMBitMap*) 0x0000014a2a7bc060, (CMBitMap*) 0x0000014a2a7bc020
 Prev Bits: [0x0000014a40030000, 0x0000014a42030000)
 Next Bits: [0x0000014a3e030000, 0x0000014a40030000)

Polling page: 0x0000014a284c0000

Metaspace:

Usage:
  Non-class:     20.90 MB used.
      Class:      2.46 MB used.
       Both:     23.36 MB used.

Virtual space:
  Non-class space:       64.00 MB reserved,      21.06 MB ( 33%) committed,  1 nodes.
      Class space:        1.00 GB reserved,       2.62 MB ( <1%) committed,  1 nodes.
             Both:        1.06 GB reserved,      23.69 MB (  2%) committed. 

Chunk freelists:
   Non-Class:  10.31 MB
       Class:  13.43 MB
        Both:  23.74 MB

MaxMetaspaceSize: unlimited
CompressedClassSpaceSize: 1.00 GB
Initial GC threshold: 21.00 MB
Current GC threshold: 35.25 MB
CDS: off
MetaspaceReclaimPolicy: balanced
 - commit_granule_bytes: 65536.
 - commit_granule_words: 8192.
 - virtual_space_node_default_size: 8388608.
 - enlarge_chunks_in_place: 1.
 - new_chunks_are_fully_committed: 0.
 - uncommit_free_chunks: 1.
 - use_allocation_guard: 0.
 - handle_deallocations: 1.


Internal statistics:

num_allocs_failed_limit: 3.
num_arena_births: 324.
num_arena_deaths: 20.
num_vsnodes_births: 2.
num_vsnodes_deaths: 0.
num_space_committed: 379.
num_space_uncommitted: 0.
num_chunks_returned_to_freelist: 28.
num_chunks_taken_from_freelist: 716.
num_chunk_merges: 0.
num_chunk_splits: 408.
num_chunks_enlarged: 210.
num_inconsistent_stats: 0.

CodeHeap 'non-profiled nmethods': size=120000Kb used=815Kb max_used=815Kb free=119184Kb
 bounds [0x0000014a359b0000, 0x0000014a35c20000, 0x0000014a3cee0000]
CodeHeap 'profiled nmethods': size=120000Kb used=4233Kb max_used=4233Kb free=115766Kb
 bounds [0x0000014a2dee0000, 0x0000014a2e310000, 0x0000014a35410000]
CodeHeap 'non-nmethods': size=5760Kb used=1245Kb max_used=1279Kb free=4515Kb
 bounds [0x0000014a35410000, 0x0000014a35680000, 0x0000014a359b0000]
 total_blobs=2758 nmethods=2203 adapters=468
 compilation: enabled
              stopped_count=0, restarted_count=0
 full_count=0

Compilation events (20 events):
Event: 570.200 Thread 0x0000014a49047b50 nmethod 2194 0x0000014a2e2fd290 code [0x0000014a2e2fd4c0, 0x0000014a2e2fdb38]
Event: 570.200 Thread 0x0000014a49047b50 2195   !   3       jdk.internal.loader.BuiltinClassLoader::findMiscResource (122 bytes)
Event: 570.200 Thread 0x0000014a49047b50 nmethod 2195 0x0000014a2e2fdd90 code [0x0000014a2e2fe040, 0x0000014a2e2ff228]
Event: 576.418 Thread 0x0000014a49047b50 2196       3       java.lang.Class::isRecord (33 bytes)
Event: 576.418 Thread 0x0000014a49042a40 2198       4       java.io.Bits::putLong (86 bytes)
Event: 576.418 Thread 0x0000014a49047b50 nmethod 2196 0x0000014a2e2ff710 code [0x0000014a2e2ff8c0, 0x0000014a2e2ffb38]
Event: 576.418 Thread 0x0000014a49047b50 2197       3       java.lang.String::regionMatches (189 bytes)
Event: 576.419 Thread 0x0000014a49047b50 nmethod 2197 0x0000014a2e2ffc10 code [0x0000014a2e2ffe60, 0x0000014a2e300b38]
Event: 576.419 Thread 0x0000014a49042a40 nmethod 2198 0x0000014a35a7b690 code [0x0000014a35a7b800, 0x0000014a35a7b958]
Event: 594.422 Thread 0x0000014a49047b50 2199       3       java.util.concurrent.ThreadPoolExecutor::isShutdown (12 bytes)
Event: 594.423 Thread 0x0000014a49047b50 nmethod 2199 0x0000014a2e300f90 code [0x0000014a2e301140, 0x0000014a2e301338]
Event: 603.424 Thread 0x0000014a49042a40 2200       4       java.lang.ThreadLocal::get (38 bytes)
Event: 603.429 Thread 0x0000014a49042a40 nmethod 2200 0x0000014a35a7ba90 code [0x0000014a35a7bc20, 0x0000014a35a7bd78]
Event: 610.203 Thread 0x0000014a49047b50 2201   !   3       jdk.internal.loader.URLClassPath::checkURL (16 bytes)
Event: 610.204 Thread 0x0000014a49047b50 nmethod 2201 0x0000014a2e301410 code [0x0000014a2e3015c0, 0x0000014a2e301788]
Event: 615.203 Thread 0x0000014a49047b50 2202       3       java.lang.ClassLoader::getResource (41 bytes)
Event: 615.204 Thread 0x0000014a49047b50 nmethod 2202 0x0000014a2e301890 code [0x0000014a2e301a80, 0x0000014a2e302058]
Event: 615.204 Thread 0x0000014a49047b50 2203       3       jdk.internal.loader.BuiltinClassLoader::checkURL (5 bytes)
Event: 615.205 Thread 0x0000014a49047b50 nmethod 2203 0x0000014a2e302210 code [0x0000014a2e3023c0, 0x0000014a2e3025c8]
Event: 615.205 Thread 0x0000014a49047b50 2204   !   3       jdk.internal.loader.BuiltinClassLoader::findResource (154 bytes)

GC Heap History (4 events):
Event: 0.526 GC heap before
{Heap before GC invocations=0 (full 0):
 garbage-first heap   total 131072K, used 25600K [0x0000000080000000, 0x0000000100000000)
  region size 1024K, 23 young (23552K), 0 survivors (0K)
 Metaspace       used 20315K, committed 20608K, reserved 1114112K
  class space    used 2185K, committed 2304K, reserved 1048576K
}
Event: 0.530 GC heap after
{Heap after GC invocations=1 (full 0):
 garbage-first heap   total 131072K, used 8512K [0x0000000080000000, 0x0000000100000000)
  region size 1024K, 3 young (3072K), 3 survivors (3072K)
 Metaspace       used 20315K, committed 20608K, reserved 1114112K
  class space    used 2185K, committed 2304K, reserved 1048576K
}
Event: 0.555 GC heap before
{Heap before GC invocations=1 (full 0):
 garbage-first heap   total 131072K, used 8512K [0x0000000080000000, 0x0000000100000000)
  region size 1024K, 4 young (4096K), 3 survivors (3072K)
 Metaspace       used 21214K, committed 21504K, reserved 1114112K
  class space    used 2289K, committed 2432K, reserved 1048576K
}
Event: 0.557 GC heap after
{Heap after GC invocations=2 (full 0):
 garbage-first heap   total 131072K, used 9022K [0x0000000080000000, 0x0000000100000000)
  region size 1024K, 1 young (1024K), 1 survivors (1024K)
 Metaspace       used 21214K, committed 21504K, reserved 1114112K
  class space    used 2289K, committed 2432K, reserved 1048576K
}

Dll operation events (1 events):
Event: 0.003 Loaded shared library C:\Program Files\JetBrains\IntelliJ IDEA 2023.3.4\jbr\bin\java.dll

Deoptimization events (20 events):
Event: 0.754 Thread 0x0000014a494dd410 DEOPT PACKING pc=0x0000014a2df773c9 sp=0x0000000de26fdd50
Event: 0.754 Thread 0x0000014a494dd410 DEOPT UNPACKING pc=0x0000014a35467143 sp=0x0000000de26fd1c8 mode 0
Event: 0.764 Thread 0x0000014a494dd410 DEOPT PACKING pc=0x0000014a2df77390 sp=0x0000000de26fdd40
Event: 0.764 Thread 0x0000014a494dd410 DEOPT UNPACKING pc=0x0000014a35467143 sp=0x0000000de26fd1b8 mode 0
Event: 0.777 Thread 0x0000014a494dd410 DEOPT PACKING pc=0x0000014a2e1495f1 sp=0x0000000de26fd030
Event: 0.777 Thread 0x0000014a494dd410 DEOPT UNPACKING pc=0x0000014a35467143 sp=0x0000000de26fc460 mode 0
Event: 0.801 Thread 0x0000014a494dd410 Uncommon trap: trap_request=0xffffff45 fr.pc=0x0000014a35a131c8 relative=0x0000000000000048
Event: 0.801 Thread 0x0000014a494dd410 Uncommon trap: reason=unstable_if action=reinterpret pc=0x0000014a35a131c8 method=java.lang.CharacterData.of(I)Ljava/lang/CharacterData; @ 4 c2
Event: 0.801 Thread 0x0000014a494dd410 DEOPT PACKING pc=0x0000014a35a131c8 sp=0x0000000de26fd0e0
Event: 0.801 Thread 0x0000014a494dd410 DEOPT UNPACKING pc=0x0000014a354669a3 sp=0x0000000de26fd080 mode 2
Event: 16.269 Thread 0x0000014a494dd410 DEOPT PACKING pc=0x0000014a2e1495be sp=0x0000000de26fd6c0
Event: 16.269 Thread 0x0000014a494dd410 DEOPT UNPACKING pc=0x0000014a35467143 sp=0x0000000de26fcaf0 mode 0
Event: 49.817 Thread 0x0000014a494dbfd0 Uncommon trap: trap_request=0xffffff45 fr.pc=0x0000014a35a200c4 relative=0x0000000000000ca4
Event: 49.817 Thread 0x0000014a494dbfd0 Uncommon trap: reason=unstable_if action=reinterpret pc=0x0000014a35a200c4 method=java.util.concurrent.ConcurrentHashMap.addCount(JI)V @ 34 c2
Event: 49.817 Thread 0x0000014a494dbfd0 DEOPT PACKING pc=0x0000014a35a200c4 sp=0x0000000de3bfdf50
Event: 49.817 Thread 0x0000014a494dbfd0 DEOPT UNPACKING pc=0x0000014a354669a3 sp=0x0000000de3bfde10 mode 2
Event: 75.247 Thread 0x0000014a494dcf00 Uncommon trap: trap_request=0xffffff45 fr.pc=0x0000014a35a1dc14 relative=0x0000000000000154
Event: 75.247 Thread 0x0000014a494dcf00 Uncommon trap: reason=unstable_if action=reinterpret pc=0x0000014a35a1dc14 method=java.util.concurrent.ConcurrentHashMap.addCount(JI)V @ 7 c2
Event: 75.247 Thread 0x0000014a494dcf00 DEOPT PACKING pc=0x0000014a35a1dc14 sp=0x0000000de25fdf40
Event: 75.247 Thread 0x0000014a494dcf00 DEOPT UNPACKING pc=0x0000014a354669a3 sp=0x0000000de25fdea0 mode 2

Classes unloaded (10 events):
Event: 0.558 Thread 0x0000014a44c627d0 Unloading class 0x0000000100152c00 'jdk/internal/reflect/GeneratedSerializationConstructorAccessor8'
Event: 0.558 Thread 0x0000014a44c627d0 Unloading class 0x0000000100152400 'jdk/internal/reflect/GeneratedSerializationConstructorAccessor5'
Event: 0.558 Thread 0x0000014a44c627d0 Unloading class 0x0000000100151400 'jdk/internal/reflect/GeneratedSerializationConstructorAccessor1'
Event: 0.558 Thread 0x0000014a44c627d0 Unloading class 0x0000000100150800 'java/lang/invoke/LambdaForm$MH+0x0000000100150800'
Event: 0.558 Thread 0x0000014a44c627d0 Unloading class 0x0000000100150000 'java/lang/invoke/LambdaForm$MH+0x0000000100150000'
Event: 0.558 Thread 0x0000014a44c627d0 Unloading class 0x000000010014f800 'java/lang/invoke/LambdaForm$MH+0x000000010014f800'
Event: 0.558 Thread 0x0000014a44c627d0 Unloading class 0x000000010014f000 'java/lang/invoke/LambdaForm$MH+0x000000010014f000'
Event: 0.558 Thread 0x0000014a44c627d0 Unloading class 0x000000010014e800 'java/lang/invoke/LambdaForm$MH+0x000000010014e800'
Event: 0.558 Thread 0x0000014a44c627d0 Unloading class 0x000000010014e000 'java/lang/invoke/LambdaForm$MH+0x000000010014e000'
Event: 0.558 Thread 0x0000014a44c627d0 Unloading class 0x000000010014dc00 'java/lang/invoke/LambdaForm$MH+0x000000010014dc00'

Classes redefined (0 events):
No events

Internal exceptions (20 events):
Event: 0.217 Thread 0x0000014a2a75d420 Exception <a 'java/lang/NoSuchMethodError'{0x00000000878b4d00}: 'java.lang.Object java.lang.invoke.Invokers$Holder.linkToTargetMethod(java.lang.Object, long, java.lang.Object)'> (0x00000000878b4d00) 
thrown [s\src\hotspot\share\interpreter\linkResolver.cpp, line 771]
Event: 0.243 Thread 0x0000014a494dcf00 Exception <a 'java/lang/NoSuchMethodError'{0x000000008769b1d8}: static [B.<clinit>()V> (0x000000008769b1d8) 
thrown [s\src\hotspot\share\prims\jni.cpp, line 1108]
Event: 0.243 Thread 0x0000014a494dd410 Exception <a 'java/lang/NoSuchMethodError'{0x00000000876fccd8}: static [B.<clinit>()V> (0x00000000876fccd8) 
thrown [s\src\hotspot\share\prims\jni.cpp, line 1108]
Event: 0.310 Thread 0x0000014a494dd410 Exception <a 'java/lang/NoSuchMethodError'{0x000000008752aa58}: static [Ljava/rmi/server/ObjID;.<clinit>()V> (0x000000008752aa58) 
thrown [s\src\hotspot\share\prims\jni.cpp, line 1108]
Event: 0.311 Thread 0x0000014a494ded60 Exception <a 'java/lang/InterruptedException'{0x0000000087576480}> (0x0000000087576480) 
thrown [s\src\hotspot\share\runtime\objectMonitor.cpp, line 1658]
Event: 0.311 Thread 0x0000014a494dd410 Exception <a 'java/lang/NoSuchMethodError'{0x00000000875324c0}: 'void java.lang.invoke.DirectMethodHandle$Holder.invokeSpecial(java.lang.Object, java.lang.Object, java.lang.Object)'> (0x00000000875324c0) 
thrown [s\src\hotspot\share\interpreter\linkResolver.cpp, line 771]
Event: 0.312 Thread 0x0000014a494dd410 Exception <a 'java/lang/NoSuchMethodError'{0x0000000087535a28}: 'void java.lang.invoke.Invokers$Holder.invoke_MT(java.lang.Object, java.lang.Object, java.lang.Object)'> (0x0000000087535a28) 
thrown [s\src\hotspot\share\interpreter\linkResolver.cpp, line 771]
Event: 0.312 Thread 0x0000014a494ded60 Exception <a 'java/lang/NoSuchMethodError'{0x000000008757ec28}: 'java.lang.Object java.lang.invoke.DirectMethodHandle$Holder.newInvokeSpecial(java.lang.Object, java.lang.Object, int, java.lang.Object, long)'> (0x000000008757ec28) 
thrown [s\src\hotspot\share\interpreter\linkResolver.cpp, line 771]
Event: 0.354 Thread 0x0000014a494dd410 Exception <a 'java/lang/NoSuchMethodError'{0x00000000873f9220}: 'java.lang.Object java.lang.invoke.DirectMethodHandle$Holder.invokeInterface(java.lang.Object, java.lang.Object)'> (0x00000000873f9220) 
thrown [s\src\hotspot\share\interpreter\linkResolver.cpp, line 771]
Event: 0.380 Thread 0x0000014a494dd410 Exception <a 'java/lang/NoSuchMethodError'{0x000000008712cef0}: 'java.lang.Object java.lang.invoke.DirectMethodHandle$Holder.invokeVirtual(java.lang.Object, java.lang.Object, java.lang.Object)'> (0x000000008712cef0) 
thrown [s\src\hotspot\share\interpreter\linkResolver.cpp, line 771]
Event: 0.464 Thread 0x0000014a494dd410 Exception <a 'sun/nio/fs/WindowsException'{0x0000000086b59e78}> (0x0000000086b59e78) 
thrown [s\src\hotspot\share\prims\jni.cpp, line 517]
Event: 0.470 Thread 0x0000014a494dd410 Exception <a 'java/lang/NoSuchMethodError'{0x0000000086b7e340}: 'int java.lang.invoke.DirectMethodHandle$Holder.invokeStaticInit(java.lang.Object, java.lang.Object, java.lang.Object, java.lang.Object)'> (0x0000000086b7e340) 
thrown [s\src\hotspot\share\interpreter\linkResolver.cpp, line 771]
Event: 0.470 Thread 0x0000014a494dd410 Exception <a 'java/lang/IncompatibleClassChangeError'{0x0000000086b877c8}: Found class java.lang.Object, but interface was expected> (0x0000000086b877c8) 
thrown [s\src\hotspot\share\interpreter\linkResolver.cpp, line 838]
Event: 0.471 Thread 0x0000014a494dd410 Exception <a 'java/lang/NoSuchMethodError'{0x0000000086b8cc70}: 'int java.lang.invoke.DirectMethodHandle$Holder.invokeStaticInit(java.lang.Object, java.lang.Object)'> (0x0000000086b8cc70) 
thrown [s\src\hotspot\share\interpreter\linkResolver.cpp, line 771]
Event: 0.605 Thread 0x0000014a494dd410 Implicit null exception at 0x0000014a35a3bdf2 to 0x0000014a35a3c420
Event: 0.605 Thread 0x0000014a494dd410 Exception <a 'java/lang/NoSuchMethodError'{0x0000000087b36ee0}: 'java.lang.Object java.lang.invoke.DirectMethodHandle$Holder.newInvokeSpecial(java.lang.Object, java.lang.Object, int)'> (0x0000000087b36ee0) 
thrown [s\src\hotspot\share\interpreter\linkResolver.cpp, line 771]
Event: 0.793 Thread 0x0000014a494dd410 Exception <a 'java/lang/NoSuchMethodError'{0x000000008764a4d0}: static Lcom/intellij/database/remote/jdbc/RemoteResultSet$DataRetrievingOptions;.<clinit>()V> (0x000000008764a4d0) 
thrown [s\src\hotspot\share\prims\jni.cpp, line 1108]
Event: 0.804 Thread 0x0000014a494dd410 Exception <a 'java/lang/NoSuchMethodError'{0x00000000876c54e0}: static [Ljava/lang/Object;.<clinit>()V> (0x00000000876c54e0) 
thrown [s\src\hotspot\share\prims\jni.cpp, line 1108]
Event: 0.805 Thread 0x0000014a494dd410 Exception <a 'java/lang/NoSuchMethodError'{0x00000000876ddeb8}: static Lcom/intellij/database/remote/jdbc/impl/UnparsedValue;.<clinit>()V> (0x00000000876ddeb8) 
thrown [s\src\hotspot\share\prims\jni.cpp, line 1108]
Event: 16.290 Thread 0x0000014a494dd410 Exception <a 'java/lang/NoSuchMethodError'{0x0000000087374450}: static Lcom/intellij/database/remote/jdbc/ColumnInfo;.<clinit>()V> (0x0000000087374450) 
thrown [s\src\hotspot\share\prims\jni.cpp, line 1108]

VM Operations (20 events):
Event: 16.313 Executing VM operation: Cleanup
Event: 16.313 Executing VM operation: Cleanup done
Event: 17.314 Executing VM operation: Cleanup
Event: 17.314 Executing VM operation: Cleanup done
Event: 50.328 Executing VM operation: Cleanup
Event: 50.328 Executing VM operation: Cleanup done
Event: 60.153 Executing VM operation: HandshakeAllThreads
Event: 60.153 Executing VM operation: HandshakeAllThreads done
Event: 163.205 Executing VM operation: Cleanup
Event: 163.205 Executing VM operation: Cleanup done
Event: 235.243 Executing VM operation: Cleanup
Event: 235.243 Executing VM operation: Cleanup done
Event: 253.252 Executing VM operation: Cleanup
Event: 253.252 Executing VM operation: Cleanup done
Event: 301.276 Executing VM operation: Cleanup
Event: 301.276 Executing VM operation: Cleanup done
Event: 352.305 Executing VM operation: Cleanup
Event: 352.305 Executing VM operation: Cleanup done
Event: 523.383 Executing VM operation: Cleanup
Event: 523.383 Executing VM operation: Cleanup done

Events (20 events):
Event: 49.818 Thread 0x0000014a494dbfd0 Thread exited: 0x0000014a494dbfd0
Event: 49.818 Thread 0x0000014a49b8ac30 Thread exited: 0x0000014a49b8ac30
Event: 49.818 Thread 0x0000014a494dbac0 Thread exited: 0x0000014a494dbac0
Event: 49.818 Thread 0x0000014a49b897f0 Thread exited: 0x0000014a49b897f0
Event: 49.818 Thread 0x0000014a49b8e3e0 Thread exited: 0x0000014a49b8e3e0
Event: 49.818 Thread 0x0000014a49b8d4b0 Thread exited: 0x0000014a49b8d4b0
Event: 49.818 Thread 0x0000014a49b8c580 Thread exited: 0x0000014a49b8c580
Event: 49.818 Thread 0x0000014a494dc4e0 Thread exited: 0x0000014a494dc4e0
Event: 49.819 Thread 0x0000014a49b8ded0 Thread exited: 0x0000014a49b8ded0
Event: 49.819 Thread 0x0000014a494dd920 Thread exited: 0x0000014a494dd920
Event: 49.819 Thread 0x0000014a494dde30 Thread exited: 0x0000014a494dde30
Event: 49.819 Thread 0x0000014a49b8d9c0 Thread exited: 0x0000014a49b8d9c0
Event: 49.819 Thread 0x0000014a49b8b140 Thread exited: 0x0000014a49b8b140
Event: 49.819 Thread 0x0000014a494de850 Thread exited: 0x0000014a494de850
Event: 75.247 loading class java/util/IdentityHashMap$KeyIterator
Event: 75.248 loading class java/util/IdentityHashMap$IdentityHashMapIterator
Event: 75.248 loading class java/util/IdentityHashMap$IdentityHashMapIterator done
Event: 75.248 loading class java/util/IdentityHashMap$KeyIterator done
Event: 75.249 Thread 0x0000014a494dcf00 Thread exited: 0x0000014a494dcf00
Event: 90.241 Thread 0x0000014a497e5410 Thread exited: 0x0000014a497e5410


Dynamic libraries:
0x00007ff6e6220000 - 0x00007ff6e622a000 	C:\Program Files\JetBrains\IntelliJ IDEA 2023.3.4\jbr\bin\java.exe
0x00007ffc4c5d0000 - 0x00007ffc4c7c8000 	C:\Windows\SYSTEM32\ntdll.dll
0x00007ffc4bc00000 - 0x00007ffc4bcbd000 	C:\Windows\System32\KERNEL32.DLL
0x00007ffc4a1b0000 - 0x00007ffc4a4a6000 	C:\Windows\System32\KERNELBASE.dll
0x00007ffc4a030000 - 0x00007ffc4a130000 	C:\Windows\System32\ucrtbase.dll
0x00007ffc41a90000 - 0x00007ffc41aa7000 	C:\Program Files\JetBrains\IntelliJ IDEA 2023.3.4\jbr\bin\jli.dll
0x00007ffc4c2b0000 - 0x00007ffc4c44e000 	C:\Windows\System32\USER32.dll
0x00007ffc4a180000 - 0x00007ffc4a1a2000 	C:\Windows\System32\win32u.dll
0x00007ffc49060000 - 0x00007ffc492fa000 	C:\Windows\WinSxS\amd64_microsoft.windows.common-controls_6595b64144ccf1df_6.0.19041.3636_none_60b6a03d71f818d5\COMCTL32.dll
0x00007ffc4afb0000 - 0x00007ffc4afdb000 	C:\Windows\System32\GDI32.dll
0x00007ffc4b580000 - 0x00007ffc4b61e000 	C:\Windows\System32\msvcrt.dll
0x00007ffc49c90000 - 0x00007ffc49da7000 	C:\Windows\System32\gdi32full.dll
0x00007ffc49e40000 - 0x00007ffc49edd000 	C:\Windows\System32\msvcp_win.dll
0x00007ffc32a40000 - 0x00007ffc32a5b000 	C:\Program Files\JetBrains\IntelliJ IDEA 2023.3.4\jbr\bin\VCRUNTIME140.dll
0x00007ffc4b620000 - 0x00007ffc4b652000 	C:\Windows\System32\IMM32.DLL
0x00007ffc32a30000 - 0x00007ffc32a3c000 	C:\Program Files\JetBrains\IntelliJ IDEA 2023.3.4\jbr\bin\vcruntime140_1.dll
0x00007ffc21530000 - 0x00007ffc215bd000 	C:\Program Files\JetBrains\IntelliJ IDEA 2023.3.4\jbr\bin\msvcp140.dll
0x00007ffbe9ca0000 - 0x00007ffbea923000 	C:\Program Files\JetBrains\IntelliJ IDEA 2023.3.4\jbr\bin\server\jvm.dll
0x00007ffc4c1f0000 - 0x00007ffc4c2a3000 	C:\Windows\System32\ADVAPI32.dll
0x00007ffc4be00000 - 0x00007ffc4be9f000 	C:\Windows\System32\sechost.dll
0x00007ffc4b450000 - 0x00007ffc4b576000 	C:\Windows\System32\RPCRT4.dll
0x00007ffc49ee0000 - 0x00007ffc49f07000 	C:\Windows\System32\bcrypt.dll
0x00007ffc496e0000 - 0x00007ffc4972b000 	C:\Windows\SYSTEM32\POWRPROF.dll
0x00007ffc46720000 - 0x00007ffc46729000 	C:\Windows\SYSTEM32\WSOCK32.dll
0x00007ffc3e240000 - 0x00007ffc3e267000 	C:\Windows\SYSTEM32\WINMM.dll
0x00007ffc4bcc0000 - 0x00007ffc4bd2b000 	C:\Windows\System32\WS2_32.dll
0x00007ffc34b70000 - 0x00007ffc34b7a000 	C:\Windows\SYSTEM32\VERSION.dll
0x00007ffc49300000 - 0x00007ffc49312000 	C:\Windows\SYSTEM32\UMPDC.dll
0x00007ffc46d60000 - 0x00007ffc46d72000 	C:\Windows\SYSTEM32\kernel.appcore.dll
0x00007ffc44b40000 - 0x00007ffc44b4a000 	C:\Program Files\JetBrains\IntelliJ IDEA 2023.3.4\jbr\bin\jimage.dll
0x00007ffc49470000 - 0x00007ffc49654000 	C:\Windows\SYSTEM32\DBGHELP.DLL
0x00007ffc49430000 - 0x00007ffc49464000 	C:\Windows\SYSTEM32\dbgcore.DLL
0x00007ffc49db0000 - 0x00007ffc49e32000 	C:\Windows\System32\bcryptPrimitives.dll
0x00007ffc44a90000 - 0x00007ffc44ab5000 	C:\Program Files\JetBrains\IntelliJ IDEA 2023.3.4\jbr\bin\java.dll
0x00007ffc44a50000 - 0x00007ffc44a68000 	C:\Program Files\JetBrains\IntelliJ IDEA 2023.3.4\jbr\bin\zip.dll
0x00007ffc4a840000 - 0x00007ffc4af85000 	C:\Windows\System32\SHELL32.dll
0x00007ffc476f0000 - 0x00007ffc47e8c000 	C:\Windows\SYSTEM32\windows.storage.dll
0x00007ffc4b6f0000 - 0x00007ffc4ba44000 	C:\Windows\System32\combase.dll
0x00007ffc48fc0000 - 0x00007ffc48fee000 	C:\Windows\SYSTEM32\Wldp.dll
0x00007ffc4bd30000 - 0x00007ffc4bdfd000 	C:\Windows\System32\OLEAUT32.dll
0x00007ffc4c130000 - 0x00007ffc4c1dd000 	C:\Windows\System32\SHCORE.dll
0x00007ffc4a770000 - 0x00007ffc4a7c5000 	C:\Windows\System32\shlwapi.dll
0x00007ffc49bc0000 - 0x00007ffc49be5000 	C:\Windows\SYSTEM32\profapi.dll
0x00007ffc44420000 - 0x00007ffc44439000 	C:\Program Files\JetBrains\IntelliJ IDEA 2023.3.4\jbr\bin\net.dll
0x00007ffc43120000 - 0x00007ffc4322a000 	C:\Windows\SYSTEM32\WINHTTP.dll
0x00007ffc48e90000 - 0x00007ffc48efa000 	C:\Windows\system32\mswsock.dll
0x00007ffc44220000 - 0x00007ffc44236000 	C:\Program Files\JetBrains\IntelliJ IDEA 2023.3.4\jbr\bin\nio.dll
0x00007ffc48a10000 - 0x00007ffc48a4b000 	C:\Windows\SYSTEM32\IPHLPAPI.DLL
0x00007ffc4a830000 - 0x00007ffc4a838000 	C:\Windows\System32\NSI.dll
0x00007ffc43c80000 - 0x00007ffc43c97000 	C:\Windows\SYSTEM32\dhcpcsvc6.DLL
0x00007ffc43c60000 - 0x00007ffc43c7d000 	C:\Windows\SYSTEM32\dhcpcsvc.DLL
0x00007ffc48a50000 - 0x00007ffc48b1b000 	C:\Windows\SYSTEM32\DNSAPI.dll
0x00007ffc49a00000 - 0x00007ffc49a18000 	C:\Windows\SYSTEM32\CRYPTSP.dll
0x00007ffc486b0000 - 0x00007ffc486e4000 	C:\Windows\system32\rsaenh.dll
0x00007ffc49b80000 - 0x00007ffc49bae000 	C:\Windows\SYSTEM32\USERENV.dll
0x00007ffc48f80000 - 0x00007ffc48f8c000 	C:\Windows\SYSTEM32\CRYPTBASE.dll
0x00007ffc41d70000 - 0x00007ffc41d79000 	C:\Program Files\JetBrains\IntelliJ IDEA 2023.3.4\jbr\bin\extnet.dll
0x00007ffc3d470000 - 0x00007ffc3d477000 	C:\Program Files\JetBrains\IntelliJ IDEA 2023.3.4\jbr\bin\rmi.dll
0x00007ffc3fb50000 - 0x00007ffc3fb5a000 	C:\Windows\System32\rasadhlp.dll
0x00007ffc3c620000 - 0x00007ffc3c6a0000 	C:\Windows\System32\fwpuclnt.dll
0x00007ffc44750000 - 0x00007ffc4475e000 	C:\Program Files\JetBrains\IntelliJ IDEA 2023.3.4\jbr\bin\sunmscapi.dll
0x00007ffc4a4b0000 - 0x00007ffc4a60d000 	C:\Windows\System32\CRYPT32.dll
0x00007ffc49030000 - 0x00007ffc49058000 	C:\Windows\SYSTEM32\ncrypt.dll
0x00007ffc48ff0000 - 0x00007ffc4902b000 	C:\Windows\SYSTEM32\NTASN1.dll

dbghelp: loaded successfully - version: 4.0.5 - missing functions: none
symbol engine: initialized successfully - sym options: 0x614 - pdb path: .;C:\Program Files\JetBrains\IntelliJ IDEA 2023.3.4\jbr\bin;C:\Windows\SYSTEM32;C:\Windows\WinSxS\amd64_microsoft.windows.common-controls_6595b64144ccf1df_6.0.19041.3636_none_60b6a03d71f818d5;C:\Program Files\JetBrains\IntelliJ IDEA 2023.3.4\jbr\bin\server

VM Arguments:
jvm_args: -Djava.rmi.server.hostname=127.0.0.1 -Duser.timezone=UTC -Xmx2048m -Xms128m -Djdbc.classpath=C:\Program Files\JetBrains\IntelliJ IDEA 2023.3.4\plugins\DatabaseTools\lib\jdbc-console.jar;C:\Users\User\AppData\Roaming\JetBrains\IntelliJIdea2023.3\jdbc-drivers\MySQL ConnectorJ\8.0.25\mysql\mysql-connector-java\8.0.25\mysql-connector-java-8.0.25.jar;C:\Users\User\AppData\Roaming\JetBrains\IntelliJIdea2023.3\jdbc-drivers\MySQL ConnectorJ\8.0.25\com\google\protobuf\protobuf-java\3.11.4\protobuf-java-3.11.4.jar --add-exports=java.desktop/sun.awt=ALL-UNNAMED --add-exports=java.desktop/java.awt.peer=ALL-UNNAMED --add-opens=java.desktop/java.awt=ALL-UNNAMED --add-opens=jdk.unsupported/sun.misc=ALL-UNNAMED --add-opens=java.base/java.nio=ALL-UNNAMED --add-opens=java.base/java.util=ALL-UNNAMED -Dfile.encoding=UTF-8 
java_command: com.intellij.database.remote.RemoteJdbcServer com.mysql.cj.jdbc.Driver
java_class_path (initial): C:\Program Files\JetBrains\IntelliJ IDEA 2023.3.4\lib\util_rt.jar;C:\Program Files\JetBrains\IntelliJ IDEA 2023.3.4\lib\util-8.jar;C:\Program Files\JetBrains\IntelliJ IDEA 2023.3.4\lib\groovy.jar;C:\Program Files\JetBrains\IntelliJ IDEA 2023.3.4\plugins\DatabaseTools\lib\jdbc-console.jar;C:\Program Files\JetBrains\IntelliJ IDEA 2023.3.4\plugins\grid-core-impl\lib\jdbc-console-types.jar;C:\Program Files\JetBrains\IntelliJ IDEA 2023.3.4\lib\util.jar
Launcher Type: SUN_STANDARD

[Global flags]
     intx CICompilerCount                          = 4                                         {product} {ergonomic}
     uint ConcGCThreads                            = 3                                         {product} {ergonomic}
     uint G1ConcRefinementThreads                  = 10                                        {product} {ergonomic}
   size_t G1HeapRegionSize                         = 1048576                                   {product} {ergonomic}
    uintx GCDrainStackTargetSize                   = 64                                        {product} {ergonomic}
   size_t InitialHeapSize                          = 134217728                                 {product} {command line}
   size_t MarkStackSize                            = 4194304                                   {product} {ergonomic}
   size_t MaxHeapSize                              = 2147483648                                {product} {command line}
   size_t MaxNewSize                               = 1287651328                                {product} {ergonomic}
   size_t MinHeapDeltaBytes                        = 1048576                                   {product} {ergonomic}
   size_t MinHeapSize                              = 134217728                                 {product} {command line}
    uintx NonNMethodCodeHeapSize                   = 5839372                                {pd product} {ergonomic}
    uintx NonProfiledCodeHeapSize                  = 122909434                              {pd product} {ergonomic}
    uintx ProfiledCodeHeapSize                     = 122909434                              {pd product} {ergonomic}
    uintx ReservedCodeCacheSize                    = 251658240                              {pd product} {ergonomic}
     bool SegmentedCodeCache                       = true                                      {product} {ergonomic}
   size_t SoftMaxHeapSize                          = 2147483648                             {manageable} {ergonomic}
     bool UseCompressedClassPointers               = true                           {product lp64_product} {ergonomic}
     bool UseCompressedOops                        = true                           {product lp64_product} {ergonomic}
     bool UseG1GC                                  = true                                      {product} {ergonomic}
     bool UseLargePagesIndividualAllocation        = false                                  {pd product} {ergonomic}

Logging:
Log output configuration:
 #0: stdout all=warning uptime,level,tags
 #1: stderr all=off uptime,level,tags

Environment Variables:
PATH=C:\Windows\system32;C:\Windows;C:\Windows\System32\Wbem;C:\Windows\System32\WindowsPowerShell\v1.0\;C:\Windows\System32\OpenSSH\;C:\Program Files\dotnet\;C:\Program Files\Git\cmd;C:\Users\User\AppData\Local\Microsoft\WindowsApps;C:\Users\User\AppData\Local\Programs\Microsoft VS Code\bin
USERNAME=User
OS=Windows_NT
PROCESSOR_IDENTIFIER=Intel64 Family 6 Model 151 Stepping 5, GenuineIntel
TMP=C:\Users\User\AppData\Local\Temp
TEMP=C:\Users\User\AppData\Local\Temp



Periodic native trim disabled

JNI global refs:
JNI global refs: 17, weak refs: 0

JNI global refs memory usage: 843, weak refs: 209

OOME stack traces (most recent first):
Classloader memory used:
Loader bootstrap                                                                       : 2379K
Loader com.intellij.database.remote.jdbc.impl.JdbcClassLoader$JdbcClassLoaderImpl      : 291K
Loader jdk.internal.loader.ClassLoaders$AppClassLoader                                 : 211K
Loader jdk.internal.loader.ClassLoaders$PlatformClassLoader                            : 91770B
Loader jdk.internal.reflect.DelegatingClassLoader                                      : 18888B


---------------  S Y S T E M  ---------------

OS:
 Windows 10 , 64 bit Build 19041 (10.0.19041.3636)
OS uptime: 0 days 3:53 hours

CPU: total 12 (initial active 12) (6 cores per cpu, 2 threads per core) family 6 model 151 stepping 5 microcode 0x1f, cx8, cmov, fxsr, ht, mmx, 3dnowpref, sse, sse2, sse3, ssse3, sse4.1, sse4.2, popcnt, lzcnt, tsc, tscinvbit, avx, avx2, aes, erms, clmul, bmi1, bmi2, adx, sha, fma, vzeroupper, clflush, clflushopt, clwb
Processor Information for all 12 processors :
  Max Mhz: 2500, Current Mhz: 2500, Mhz Limit: 2500

Memory: 4k page, system-wide physical 7933M (1257M free)
TotalPageFile size 12285M (AvailPageFile size 3719M)
current process WorkingSet (physical memory assigned to process): 106M, peak: 125M
current process commit charge ("private bytes"): 238M, peak: 260M

vm_info: OpenJDK 64-Bit Server VM (17.0.10+1-b1087.21) for windows-amd64 JRE (17.0.10+1-b1087.21), built on 2024-03-02 by "builduser" with MS VC++ 16.10 / 16.11 (VS2019)

END.
